This is pdfTeX, Version 3.141592653-2.6-1.40.27 (TeX Live 2025) (preloaded format=pdflatex 2025.12.8)  8 DEC 2025 22:00
entering extended mode
 restricted \write18 enabled.
 file:line:error style messages enabled.
 %&-line parsing enabled.
**/Users/jzahnny/code/yonsei/deeplearning/colorization/python/docs/report/final_report/report.tex
(/Users/jzahnny/code/yonsei/deeplearning/colorization/python/docs/report/final_report/report.tex
LaTeX2e <2024-11-01> patch level 2
L3 programming layer <2025-01-18>
(/usr/local/texlive/2025/texmf-dist/tex/latex/base/article.cls
Document Class: article 2024/06/29 v1.4n Standard LaTeX document class
(/usr/local/texlive/2025/texmf-dist/tex/latex/base/size11.clo
File: size11.clo 2024/06/29 v1.4n Standard LaTeX file (size option)
)
\c@part=\count196
\c@section=\count197
\c@subsection=\count198
\c@subsubsection=\count199
\c@paragraph=\count266
\c@subparagraph=\count267
\c@figure=\count268
\c@table=\count269
\abovecaptionskip=\skip49
\belowcaptionskip=\skip50
\bibindent=\dimen141
) (/usr/local/texlive/2025/texmf-dist/tex/latex/cjk-ko/kotex.sty
Package: kotex 2015/04/19 v1.6 Korean TeX (ko.TeX)
 (/usr/local/texlive/2025/texmf-dist/tex/latex/kotex-utf/kotex.cfg) (/usr/local/texlive/2025/texmf-dist/tex/latex/kotex-utf/kotexutf.sty
Package: kotexutf 2022/06/22 v3.0.0 typesetting UTF-8 Korean documents
 (/usr/local/texlive/2025/texmf-dist/tex/latex/base/inputenc.sty
Package: inputenc 2024/02/08 v1.3d Input encoding file
\inpenc@prehook=\toks17
\inpenc@posthook=\toks18
) (/usr/local/texlive/2025/texmf-dist/tex/plain/kotex-plain/kotexutf-core.tex
\unih@ngulpoint=\count270
\dhucs@emph@raise=\dimen142
)
Now handling font encoding LUC ...
... processing UTF-8 mapping file for font encoding LUC
 (/usr/local/texlive/2025/texmf-dist/tex/latex/kotex-utf/lucenc.dfu
File: lucenc.dfu 2007/09/05 UTF-8 support for dhucs
   defining Unicode char U+00B7 (decimal 183)
   defining Unicode char U+2018 (decimal 8216)
   defining Unicode char U+2019 (decimal 8217)
   defining Unicode char U+201C (decimal 8220)
   defining Unicode char U+201D (decimal 8221)
   defining Unicode char U+3001 (decimal 12289)
   defining Unicode char U+3002 (decimal 12290)
   defining Unicode char U+3008 (decimal 12296)
   defining Unicode char U+3009 (decimal 12297)
   defining Unicode char U+300A (decimal 12298)
   defining Unicode char U+300B (decimal 12299)
   defining Unicode char U+300C (decimal 12300)
   defining Unicode char U+300D (decimal 12301)
   defining Unicode char U+300E (decimal 12302)
   defining Unicode char U+300F (decimal 12303)
   defining Unicode char U+3010 (decimal 12304)
   defining Unicode char U+3011 (decimal 12305)
   defining Unicode char U+3014 (decimal 12308)
   defining Unicode char U+3015 (decimal 12309)
   defining Unicode char U+3016 (decimal 12310)
   defining Unicode char U+3017 (decimal 12311)
   defining Unicode char U+3018 (decimal 12312)
   defining Unicode char U+3019 (decimal 12313)
   defining Unicode char U+301A (decimal 12314)
   defining Unicode char U+301B (decimal 12315)
   defining Unicode char U+FF01 (decimal 65281)
   defining Unicode char U+FF08 (decimal 65288)
   defining Unicode char U+FF09 (decimal 65289)
   defining Unicode char U+FF0C (decimal 65292)
   defining Unicode char U+FF0E (decimal 65294)
   defining Unicode char U+FF1A (decimal 65306)
   defining Unicode char U+FF1B (decimal 65307)
   defining Unicode char U+FF1C (decimal 65308)
   defining Unicode char U+FF1D (decimal 65309)
   defining Unicode char U+FF1E (decimal 65310)
   defining Unicode char U+FF1F (decimal 65311)
   defining Unicode char U+FF3B (decimal 65339)
   defining Unicode char U+FF3D (decimal 65341)
   defining Unicode char U+FF5B (decimal 65371)
   defining Unicode char U+FF5D (decimal 65373)
   defining Unicode char U+FF61 (decimal 65377)
   defining Unicode char U+FF62 (decimal 65378)
   defining Unicode char U+FF63 (decimal 65379)
   defining Unicode char U+FF64 (decimal 65380)
   defining Unicode char U+FF65 (decimal 65381)
)
\@josa=\count271
\josatoks=\toks19
 (/usr/local/texlive/2025/texmf-dist/tex/latex/cjk-ko/kolabels-utf.sty
Package: kolabels-utf 2015/03/20 v1.5 UTF-8 Hangul item labels
))) (/usr/local/texlive/2025/texmf-dist/tex/latex/graphics/graphicx.sty
Package: graphicx 2021/09/16 v1.2d Enhanced LaTeX Graphics (DPC,SPQR)
 (/usr/local/texlive/2025/texmf-dist/tex/latex/graphics/keyval.sty
Package: keyval 2022/05/29 v1.15 key=value parser (DPC)
\KV@toks@=\toks20
) (/usr/local/texlive/2025/texmf-dist/tex/latex/graphics/graphics.sty
Package: graphics 2024/08/06 v1.4g Standard LaTeX Graphics (DPC,SPQR)
 (/usr/local/texlive/2025/texmf-dist/tex/latex/graphics/trig.sty
Package: trig 2023/12/02 v1.11 sin cos tan (DPC)
) (/usr/local/texlive/2025/texmf-dist/tex/latex/graphics-cfg/graphics.cfg
File: graphics.cfg 2016/06/04 v1.11 sample graphics configuration
)
Package graphics Info: Driver file: pdftex.def on input line 106.
 (/usr/local/texlive/2025/texmf-dist/tex/latex/graphics-def/pdftex.def
File: pdftex.def 2024/04/13 v1.2c Graphics/color driver for pdftex
))
\Gin@req@height=\dimen143
\Gin@req@width=\dimen144
) (/usr/local/texlive/2025/texmf-dist/tex/latex/amsmath/amsmath.sty
Package: amsmath 2024/11/05 v2.17t AMS math features
\@mathmargin=\skip51

For additional information on amsmath, use the `?' option.
(/usr/local/texlive/2025/texmf-dist/tex/latex/amsmath/amstext.sty
Package: amstext 2021/08/26 v2.01 AMS text
 (/usr/local/texlive/2025/texmf-dist/tex/latex/amsmath/amsgen.sty
File: amsgen.sty 1999/11/30 v2.0 generic functions
\@emptytoks=\toks21
\ex@=\dimen145
)) (/usr/local/texlive/2025/texmf-dist/tex/latex/amsmath/amsbsy.sty
Package: amsbsy 1999/11/29 v1.2d Bold Symbols
\pmbraise@=\dimen146
) (/usr/local/texlive/2025/texmf-dist/tex/latex/amsmath/amsopn.sty
Package: amsopn 2022/04/08 v2.04 operator names
)
\inf@bad=\count272
LaTeX Info: Redefining \frac on input line 233.
\uproot@=\count273
\leftroot@=\count274
LaTeX Info: Redefining \overline on input line 398.
LaTeX Info: Redefining \colon on input line 409.
\classnum@=\count275
\DOTSCASE@=\count276
LaTeX Info: Redefining \ldots on input line 495.
LaTeX Info: Redefining \dots on input line 498.
LaTeX Info: Redefining \cdots on input line 619.
\Mathstrutbox@=\box52
\strutbox@=\box53
LaTeX Info: Redefining \big on input line 721.
LaTeX Info: Redefining \Big on input line 722.
LaTeX Info: Redefining \bigg on input line 723.
LaTeX Info: Redefining \Bigg on input line 724.
\big@size=\dimen147
LaTeX Font Info:    Redeclaring font encoding OML on input line 742.
LaTeX Font Info:    Redeclaring font encoding OMS on input line 743.
\macc@depth=\count277
LaTeX Info: Redefining \bmod on input line 904.
LaTeX Info: Redefining \pmod on input line 909.
LaTeX Info: Redefining \smash on input line 939.
LaTeX Info: Redefining \relbar on input line 969.
LaTeX Info: Redefining \Relbar on input line 970.
\c@MaxMatrixCols=\count278
\dotsspace@=\muskip17
\c@parentequation=\count279
\dspbrk@lvl=\count280
\tag@help=\toks22
\row@=\count281
\column@=\count282
\maxfields@=\count283
\andhelp@=\toks23
\eqnshift@=\dimen148
\alignsep@=\dimen149
\tagshift@=\dimen150
\tagwidth@=\dimen151
\totwidth@=\dimen152
\lineht@=\dimen153
\@envbody=\toks24
\multlinegap=\skip52
\multlinetaggap=\skip53
\mathdisplay@stack=\toks25
LaTeX Info: Redefining \[ on input line 2953.
LaTeX Info: Redefining \] on input line 2954.
) (/usr/local/texlive/2025/texmf-dist/tex/latex/amsfonts/amssymb.sty
Package: amssymb 2013/01/14 v3.01 AMS font symbols
 (/usr/local/texlive/2025/texmf-dist/tex/latex/amsfonts/amsfonts.sty
Package: amsfonts 2013/01/14 v3.01 Basic AMSFonts support
\symAMSa=\mathgroup4
\symAMSb=\mathgroup5
LaTeX Font Info:    Redeclaring math symbol \hbar on input line 98.
LaTeX Font Info:    Overwriting math alphabet `\mathfrak' in version `bold'
(Font)                  U/euf/m/n --> U/euf/b/n on input line 106.
)) (/usr/local/texlive/2025/texmf-dist/tex/latex/hyperref/hyperref.sty
Package: hyperref 2024-11-05 v7.01l Hypertext links for LaTeX
 (/usr/local/texlive/2025/texmf-dist/tex/generic/iftex/iftex.sty
Package: iftex 2024/12/12 v1.0g TeX engine tests
) (/usr/local/texlive/2025/texmf-dist/tex/latex/kvsetkeys/kvsetkeys.sty
Package: kvsetkeys 2022-10-05 v1.19 Key value parser (HO)
) (/usr/local/texlive/2025/texmf-dist/tex/generic/kvdefinekeys/kvdefinekeys.sty
Package: kvdefinekeys 2019-12-19 v1.6 Define keys (HO)
) (/usr/local/texlive/2025/texmf-dist/tex/generic/pdfescape/pdfescape.sty
Package: pdfescape 2019/12/09 v1.15 Implements pdfTeX's escape features (HO)
 (/usr/local/texlive/2025/texmf-dist/tex/generic/ltxcmds/ltxcmds.sty
Package: ltxcmds 2023-12-04 v1.26 LaTeX kernel commands for general use (HO)
) (/usr/local/texlive/2025/texmf-dist/tex/generic/pdftexcmds/pdftexcmds.sty
Package: pdftexcmds 2020-06-27 v0.33 Utility functions of pdfTeX for LuaTeX (HO)
 (/usr/local/texlive/2025/texmf-dist/tex/generic/infwarerr/infwarerr.sty
Package: infwarerr 2019/12/03 v1.5 Providing info/warning/error messages (HO)
)
Package pdftexcmds Info: \pdf@primitive is available.
Package pdftexcmds Info: \pdf@ifprimitive is available.
Package pdftexcmds Info: \pdfdraftmode found.
)) (/usr/local/texlive/2025/texmf-dist/tex/latex/hycolor/hycolor.sty
Package: hycolor 2020-01-27 v1.10 Color options for hyperref/bookmark (HO)
) (/usr/local/texlive/2025/texmf-dist/tex/latex/hyperref/nameref.sty
Package: nameref 2023-11-26 v2.56 Cross-referencing by name of section
 (/usr/local/texlive/2025/texmf-dist/tex/latex/refcount/refcount.sty
Package: refcount 2019/12/15 v3.6 Data extraction from label references (HO)
) (/usr/local/texlive/2025/texmf-dist/tex/generic/gettitlestring/gettitlestring.sty
Package: gettitlestring 2019/12/15 v1.6 Cleanup title references (HO)
 (/usr/local/texlive/2025/texmf-dist/tex/latex/kvoptions/kvoptions.sty
Package: kvoptions 2022-06-15 v3.15 Key value format for package options (HO)
))
\c@section@level=\count284
) (/usr/local/texlive/2025/texmf-dist/tex/latex/etoolbox/etoolbox.sty
Package: etoolbox 2025/02/11 v2.5l e-TeX tools for LaTeX (JAW)
\etb@tempcnta=\count285
) (/usr/local/texlive/2025/texmf-dist/tex/generic/stringenc/stringenc.sty
Package: stringenc 2019/11/29 v1.12 Convert strings between diff. encodings (HO)
)
\@linkdim=\dimen154
\Hy@linkcounter=\count286
\Hy@pagecounter=\count287
 (/usr/local/texlive/2025/texmf-dist/tex/latex/hyperref/pd1enc.def
File: pd1enc.def 2024-11-05 v7.01l Hyperref: PDFDocEncoding definition (HO)
Now handling font encoding PD1 ...
... no UTF-8 mapping file for font encoding PD1
) (/usr/local/texlive/2025/texmf-dist/tex/generic/intcalc/intcalc.sty
Package: intcalc 2019/12/15 v1.3 Expandable calculations with integers (HO)
)
\Hy@SavedSpaceFactor=\count288
 (/usr/local/texlive/2025/texmf-dist/tex/latex/hyperref/puenc.def
File: puenc.def 2024-11-05 v7.01l Hyperref: PDF Unicode definition (HO)
Now handling font encoding PU ...
... no UTF-8 mapping file for font encoding PU
)
Package hyperref Info: Hyper figures OFF on input line 4157.
Package hyperref Info: Link nesting OFF on input line 4162.
Package hyperref Info: Hyper index ON on input line 4165.
Package hyperref Info: Plain pages OFF on input line 4172.
Package hyperref Info: Backreferencing OFF on input line 4177.
Package hyperref Info: Implicit mode ON; LaTeX internals redefined.
Package hyperref Info: Bookmarks ON on input line 4424.
\c@Hy@tempcnt=\count289
 (/usr/local/texlive/2025/texmf-dist/tex/latex/url/url.sty
\Urlmuskip=\muskip18
Package: url 2013/09/16  ver 3.4  Verb mode for urls, etc.
)
LaTeX Info: Redefining \url on input line 4763.
\XeTeXLinkMargin=\dimen155
 (/usr/local/texlive/2025/texmf-dist/tex/generic/bitset/bitset.sty
Package: bitset 2019/12/09 v1.3 Handle bit-vector datatype (HO)
 (/usr/local/texlive/2025/texmf-dist/tex/generic/bigintcalc/bigintcalc.sty
Package: bigintcalc 2019/12/15 v1.5 Expandable calculations on big integers (HO)
))
\Fld@menulength=\count290
\Field@Width=\dimen156
\Fld@charsize=\dimen157
Package hyperref Info: Hyper figures OFF on input line 6042.
Package hyperref Info: Link nesting OFF on input line 6047.
Package hyperref Info: Hyper index ON on input line 6050.
Package hyperref Info: backreferencing OFF on input line 6057.
Package hyperref Info: Link coloring OFF on input line 6062.
Package hyperref Info: Link coloring with OCG OFF on input line 6067.
Package hyperref Info: PDF/A mode OFF on input line 6072.
 (/usr/local/texlive/2025/texmf-dist/tex/latex/base/atbegshi-ltx.sty
Package: atbegshi-ltx 2021/01/10 v1.0c Emulation of the original atbegshi
package with kernel methods
)
\Hy@abspage=\count291
\c@Item=\count292
\c@Hfootnote=\count293
)
Package hyperref Info: Driver (autodetected): hpdftex.
 (/usr/local/texlive/2025/texmf-dist/tex/latex/hyperref/hpdftex.def
File: hpdftex.def 2024-11-05 v7.01l Hyperref driver for pdfTeX
 (/usr/local/texlive/2025/texmf-dist/tex/latex/base/atveryend-ltx.sty
Package: atveryend-ltx 2020/08/19 v1.0a Emulation of the original atveryend package
with kernel methods
)
\Fld@listcount=\count294
\c@bookmark@seq@number=\count295
 (/usr/local/texlive/2025/texmf-dist/tex/latex/rerunfilecheck/rerunfilecheck.sty
Package: rerunfilecheck 2022-07-10 v1.10 Rerun checks for auxiliary files (HO)
 (/usr/local/texlive/2025/texmf-dist/tex/generic/uniquecounter/uniquecounter.sty
Package: uniquecounter 2019/12/15 v1.4 Provide unlimited unique counter (HO)
)
Package uniquecounter Info: New unique counter `rerunfilecheck' on input line 285.
)
\Hy@SectionHShift=\skip54
) (/usr/local/texlive/2025/texmf-dist/tex/latex/listings/listings.sty
\lst@mode=\count296
\lst@gtempboxa=\box54
\lst@token=\toks26
\lst@length=\count297
\lst@currlwidth=\dimen158
\lst@column=\count298
\lst@pos=\count299
\lst@lostspace=\dimen159
\lst@width=\dimen160
\lst@newlines=\count300
\lst@lineno=\count301
\lst@maxwidth=\dimen161
 (/usr/local/texlive/2025/texmf-dist/tex/latex/listings/lstpatch.sty
File: lstpatch.sty 2024/09/23 1.10c (Carsten Heinz)
) (/usr/local/texlive/2025/texmf-dist/tex/latex/listings/lstmisc.sty
File: lstmisc.sty 2024/09/23 1.10c (Carsten Heinz)
\c@lstnumber=\count302
\lst@skipnumbers=\count303
\lst@framebox=\box55
) (/usr/local/texlive/2025/texmf-dist/tex/latex/listings/listings.cfg
File: listings.cfg 2024/09/23 1.10c listings configuration
))
Package: listings 2024/09/23 1.10c (Carsten Heinz)
 (/usr/local/texlive/2025/texmf-dist/tex/latex/xcolor/xcolor.sty
Package: xcolor 2024/09/29 v3.02 LaTeX color extensions (UK)
 (/usr/local/texlive/2025/texmf-dist/tex/latex/graphics-cfg/color.cfg
File: color.cfg 2016/01/02 v1.6 sample color configuration
)
Package xcolor Info: Driver file: pdftex.def on input line 274.
 (/usr/local/texlive/2025/texmf-dist/tex/latex/graphics/mathcolor.ltx)
Package xcolor Info: Model `cmy' substituted by `cmy0' on input line 1349.
Package xcolor Info: Model `hsb' substituted by `rgb' on input line 1353.
Package xcolor Info: Model `RGB' extended on input line 1365.
Package xcolor Info: Model `HTML' substituted by `rgb' on input line 1367.
Package xcolor Info: Model `Hsb' substituted by `hsb' on input line 1368.
Package xcolor Info: Model `tHsb' substituted by `hsb' on input line 1369.
Package xcolor Info: Model `HSB' substituted by `hsb' on input line 1370.
Package xcolor Info: Model `Gray' substituted by `gray' on input line 1371.
Package xcolor Info: Model `wave' substituted by `hsb' on input line 1372.
) (/usr/local/texlive/2025/texmf-dist/tex/latex/geometry/geometry.sty
Package: geometry 2020/01/02 v5.9 Page Geometry
 (/usr/local/texlive/2025/texmf-dist/tex/generic/iftex/ifvtex.sty
Package: ifvtex 2019/10/25 v1.7 ifvtex legacy package. Use iftex instead.
)
\Gm@cnth=\count304
\Gm@cntv=\count305
\c@Gm@tempcnt=\count306
\Gm@bindingoffset=\dimen162
\Gm@wd@mp=\dimen163
\Gm@odd@mp=\dimen164
\Gm@even@mp=\dimen165
\Gm@layoutwidth=\dimen166
\Gm@layoutheight=\dimen167
\Gm@layouthoffset=\dimen168
\Gm@layoutvoffset=\dimen169
\Gm@dimlist=\toks27
) (/usr/local/texlive/2025/texmf-dist/tex/latex/setspace/setspace.sty
Package: setspace 2022/12/04 v6.7b set line spacing
) (/usr/local/texlive/2025/texmf-dist/tex/latex/titlesec/titlesec.sty
Package: titlesec 2025/01/04 v2.17 Sectioning titles
\ttl@box=\box56
\beforetitleunit=\skip55
\aftertitleunit=\skip56
\ttl@plus=\dimen170
\ttl@minus=\dimen171
\ttl@toksa=\toks28
\titlewidth=\dimen172
\titlewidthlast=\dimen173
\titlewidthfirst=\dimen174
) (/usr/local/texlive/2025/texmf-dist/tex/latex/fancyhdr/fancyhdr.sty
Package: fancyhdr 2025/02/07 v5.2 Extensive control of page headers and footers
\f@nch@headwidth=\skip57
\f@nch@offset@elh=\skip58
\f@nch@offset@erh=\skip59
\f@nch@offset@olh=\skip60
\f@nch@offset@orh=\skip61
\f@nch@offset@elf=\skip62
\f@nch@offset@erf=\skip63
\f@nch@offset@olf=\skip64
\f@nch@offset@orf=\skip65
\f@nch@height=\skip66
\f@nch@footalignment=\skip67
\f@nch@widthL=\skip68
\f@nch@widthC=\skip69
\f@nch@widthR=\skip70
\@temptokenb=\toks29
) (/usr/local/texlive/2025/texmf-dist/tex/latex/caption/caption.sty
Package: caption 2023/08/05 v3.6o Customizing captions (AR)
 (/usr/local/texlive/2025/texmf-dist/tex/latex/caption/caption3.sty
Package: caption3 2023/07/31 v2.4d caption3 kernel (AR)
\caption@tempdima=\dimen175
\captionmargin=\dimen176
\caption@leftmargin=\dimen177
\caption@rightmargin=\dimen178
\caption@width=\dimen179
\caption@indent=\dimen180
\caption@parindent=\dimen181
\caption@hangindent=\dimen182
Package caption Info: Standard document class detected.
)
\c@caption@flags=\count307
\c@continuedfloat=\count308
Package caption Info: hyperref package is loaded.
Package caption Info: listings package is loaded.
) (/usr/local/texlive/2025/texmf-dist/tex/latex/caption/subcaption.sty
Package: subcaption 2023/07/28 v1.6b Sub-captions (AR)
Package caption Info: New subtype `subfigure' on input line 238.
\c@subfigure=\count309
Package caption Info: New subtype `subtable' on input line 238.
\c@subtable=\count310
) (/usr/local/texlive/2025/texmf-dist/tex/latex/booktabs/booktabs.sty
Package: booktabs 2020/01/12 v1.61803398 Publication quality tables
\heavyrulewidth=\dimen183
\lightrulewidth=\dimen184
\cmidrulewidth=\dimen185
\belowrulesep=\dimen186
\belowbottomsep=\dimen187
\aboverulesep=\dimen188
\abovetopsep=\dimen189
\cmidrulesep=\dimen190
\cmidrulekern=\dimen191
\defaultaddspace=\dimen192
\@cmidla=\count311
\@cmidlb=\count312
\@aboverulesep=\dimen193
\@belowrulesep=\dimen194
\@thisruleclass=\count313
\@lastruleclass=\count314
\@thisrulewidth=\dimen195
) (/usr/local/texlive/2025/texmf-dist/tex/latex/float/float.sty
Package: float 2001/11/08 v1.3d Float enhancements (AL)
\c@float@type=\count315
\float@exts=\toks30
\float@box=\box57
\@float@everytoks=\toks31
\@floatcapt=\box58
) (/usr/local/texlive/2025/texmf-dist/tex/latex/l3backend/l3backend-pdftex.def
File: l3backend-pdftex.def 2024-05-08 L3 backend support: PDF output (pdfTeX)
\l__color_backend_stack_int=\count316
\l__pdf_internal_box=\box59
) (./report.aux)
\openout1 = `report.aux'.

LaTeX Font Info:    Checking defaults for OML/cmm/m/it on input line 59.
LaTeX Font Info:    ... okay on input line 59.
LaTeX Font Info:    Checking defaults for OMS/cmsy/m/n on input line 59.
LaTeX Font Info:    ... okay on input line 59.
LaTeX Font Info:    Checking defaults for OT1/cmr/m/n on input line 59.
LaTeX Font Info:    ... okay on input line 59.
LaTeX Font Info:    Checking defaults for T1/cmr/m/n on input line 59.
LaTeX Font Info:    ... okay on input line 59.
LaTeX Font Info:    Checking defaults for TS1/cmr/m/n on input line 59.
LaTeX Font Info:    ... okay on input line 59.
LaTeX Font Info:    Checking defaults for OMX/cmex/m/n on input line 59.
LaTeX Font Info:    ... okay on input line 59.
LaTeX Font Info:    Checking defaults for U/cmr/m/n on input line 59.
LaTeX Font Info:    ... okay on input line 59.
LaTeX Font Info:    Checking defaults for LUC/nanummj/m/n on input line 59.
LaTeX Font Info:    Trying to load font information for LUC+nanummj on input line 59.
 (/usr/local/texlive/2025/texmf-dist/tex/latex/nanumtype1/lucnanummj.fd
File: lucnanummj.fd 2013/02/12 v0.1 Nanum Myeongjo font definitions
)
LaTeX Font Info:    ... okay on input line 59.
LaTeX Font Info:    Checking defaults for PD1/pdf/m/n on input line 59.
LaTeX Font Info:    ... okay on input line 59.
LaTeX Font Info:    Checking defaults for PU/pdf/m/n on input line 59.
LaTeX Font Info:    ... okay on input line 59.
 (/usr/local/texlive/2025/texmf-dist/tex/context/base/mkii/supp-pdf.mkii
[Loading MPS to PDF converter (version 2006.09.02).]
\scratchcounter=\count317
\scratchdimen=\dimen196
\scratchbox=\box60
\nofMPsegments=\count318
\nofMParguments=\count319
\everyMPshowfont=\toks32
\MPscratchCnt=\count320
\MPscratchDim=\dimen197
\MPnumerator=\count321
\makeMPintoPDFobject=\count322
\everyMPtoPDFconversion=\toks33
) (/usr/local/texlive/2025/texmf-dist/tex/latex/epstopdf-pkg/epstopdf-base.sty
Package: epstopdf-base 2020-01-24 v2.11 Base part for package epstopdf
Package epstopdf-base Info: Redefining graphics rule for `.eps' on input line 485.
 (/usr/local/texlive/2025/texmf-dist/tex/latex/latexconfig/epstopdf-sys.cfg
File: epstopdf-sys.cfg 2010/07/13 v1.3 Configuration of (r)epstopdf for TeX Live
))
Package hyperref Info: Link coloring OFF on input line 59.
 (./report.out) (./report.out)
\@outlinefile=\write3
\openout3 = `report.out'.

\c@lstlisting=\count323

*geometry* driver: auto-detecting
*geometry* detected driver: pdftex
*geometry* verbose mode - [ preamble ] result:
* driver: pdftex
* paper: a4paper
* layout: <same size as paper>
* layoutoffset:(h,v)=(0.0pt,0.0pt)
* modes: 
* h-part:(L,W,R)=(71.13188pt, 455.24411pt, 71.13188pt)
* v-part:(T,H,B)=(71.13188pt, 702.78308pt, 71.13188pt)
* \paperwidth=597.50787pt
* \paperheight=845.04684pt
* \textwidth=455.24411pt
* \textheight=702.78308pt
* \oddsidemargin=-1.1381pt
* \evensidemargin=-1.1381pt
* \topmargin=-38.1381pt
* \headheight=12.0pt
* \headsep=25.0pt
* \topskip=11.0pt
* \footskip=30.0pt
* \marginparwidth=50.0pt
* \marginparsep=10.0pt
* \columnsep=10.0pt
* \skip\footins=10.0pt plus 4.0pt minus 2.0pt
* \hoffset=0.0pt
* \voffset=0.0pt
* \mag=1000
* \@twocolumnfalse
* \@twosidefalse
* \@mparswitchfalse
* \@reversemarginfalse
* (1in=72.27pt=25.4mm, 1cm=28.453pt)

Package caption Info: Begin \AtBeginDocument code.
Package caption Info: float package is loaded.
Package caption Info: End \AtBeginDocument code.


[1

{/usr/local/texlive/2025/texmf-var/fonts/map/pdftex/updmap/pdftex.map}] (./report.toc
LaTeX Font Info:    Trying to load font information for U+msa on input line 3.
 (/usr/local/texlive/2025/texmf-dist/tex/latex/amsfonts/umsa.fd
File: umsa.fd 2013/01/14 v3.01 AMS symbols A
)
LaTeX Font Info:    Trying to load font information for U+msb on input line 3.
 (/usr/local/texlive/2025/texmf-dist/tex/latex/amsfonts/umsb.fd
File: umsb.fd 2013/01/14 v3.01 AMS symbols B
)
LaTeX Font Info:    Trying to load font information for LUC+uhcmj on input line 12.
 (/usr/local/texlive/2025/texmf-dist/tex/latex/kotex-utf/lucuhcmj.fd
File: lucuhcmj.fd 2013/09/26 UHC Myeongjo font definitions
)


Package fancyhdr Warning: \headheight is too small (12.0pt): 
(fancyhdr)                Make it at least 13.59999pt, for example:
(fancyhdr)                \setlength{\headheight}{13.59999pt}.
(fancyhdr)                You might also make \topmargin smaller:
(fancyhdr)                \addtolength{\topmargin}{-1.59999pt}.


pdfTeX warning (ext4): destination with the same identifier (name{page.1}) has been already used, duplicate ignored
<to be read again> 
                   \relax 
l.38 ...{A}Baseline ì²˜ë¦¬ ê²°ê³¼}{30}{appendix.A}
                                                  % [1])
\tf@toc=\write4
\openout4 = `report.toc'.




Package fancyhdr Warning: \headheight is too small (12.0pt): 
(fancyhdr)                Make it at least 13.59999pt, for example:
(fancyhdr)                \setlength{\headheight}{13.59999pt}.
(fancyhdr)                You might also make \topmargin smaller:
(fancyhdr)                \addtolength{\topmargin}{-1.59999pt}.

[2{/usr/local/texlive/2025/texmf-dist/fonts/enc/dvips/cm-super/cm-super-ts1.enc}]


Package fancyhdr Warning: \headheight is too small (12.0pt): 
(fancyhdr)                Make it at least 13.59999pt, for example:
(fancyhdr)                \setlength{\headheight}{13.59999pt}.
(fancyhdr)                You might also make \topmargin smaller:
(fancyhdr)                \addtolength{\topmargin}{-1.59999pt}.

[3]
<figure/manga_difficulty_colorization_example.png, id=275, 584.1825pt x 476.78125pt>
File: figure/manga_difficulty_colorization_example.png Graphic file (type png)
<use figure/manga_difficulty_colorization_example.png>
Package pdftex.def Info: figure/manga_difficulty_colorization_example.png  used on input line 96.
(pdftex.def)             Requested size: 364.19667pt x 297.24548pt.
<figure/manga_difficulty_translation_example.png, id=277, 699.61375pt x 460.72125pt>
File: figure/manga_difficulty_translation_example.png Graphic file (type png)
<use figure/manga_difficulty_translation_example.png>
Package pdftex.def Info: figure/manga_difficulty_translation_example.png  used on input line 105.
(pdftex.def)             Requested size: 364.19667pt x 239.83653pt.



Package fancyhdr Warning: \headheight is too small (12.0pt): 
(fancyhdr)                Make it at least 13.59999pt, for example:
(fancyhdr)                \setlength{\headheight}{13.59999pt}.
(fancyhdr)                You might also make \topmargin smaller:
(fancyhdr)                \addtolength{\topmargin}{-1.59999pt}.

[4 <./figure/manga_difficulty_colorization_example.png>]


Package fancyhdr Warning: \headheight is too small (12.0pt): 
(fancyhdr)                Make it at least 13.59999pt, for example:
(fancyhdr)                \setlength{\headheight}{13.59999pt}.
(fancyhdr)                You might also make \topmargin smaller:
(fancyhdr)                \addtolength{\topmargin}{-1.59999pt}.

[5 <./figure/manga_difficulty_translation_example.png>]


Package fancyhdr Warning: \headheight is too small (12.0pt): 
(fancyhdr)                Make it at least 13.59999pt, for example:
(fancyhdr)                \setlength{\headheight}{13.59999pt}.
(fancyhdr)                You might also make \topmargin smaller:
(fancyhdr)                \addtolength{\topmargin}{-1.59999pt}.

[6]
<figure/manga_dit.png, id=300, 1310.8975pt x 571.13374pt>
File: figure/manga_dit.png Graphic file (type png)
<use figure/manga_dit.png>
Package pdftex.def Info: figure/manga_dit.png  used on input line 135.
(pdftex.def)             Requested size: 409.71692pt x 178.505pt.
<figure/manga_dit_install_failed.png, id=301, 2039.62pt x 1180.41pt>
File: figure/manga_dit_install_failed.png Graphic file (type png)
<use figure/manga_dit_install_failed.png>
Package pdftex.def Info: figure/manga_dit_install_failed.png  used on input line 144.
(pdftex.def)             Requested size: 318.66948pt x 184.4206pt.



Package fancyhdr Warning: \headheight is too small (12.0pt): 
(fancyhdr)                Make it at least 13.59999pt, for example:
(fancyhdr)                \setlength{\headheight}{13.59999pt}.
(fancyhdr)                You might also make \topmargin smaller:
(fancyhdr)                \addtolength{\topmargin}{-1.59999pt}.

[7 <./figure/manga_dit.png> <./figure/manga_dit_install_failed.png>]
<figure/manga_ninja.png, id=313, 857.2025pt x 399.4925pt>
File: figure/manga_ninja.png Graphic file (type png)
<use figure/manga_ninja.png>
Package pdftex.def Info: figure/manga_ninja.png  used on input line 159.
(pdftex.def)             Requested size: 409.71692pt x 190.94348pt.
<figure/manga_ninja_try1.png, id=314, 1517.67pt x 985.6825pt>
File: figure/manga_ninja_try1.png Graphic file (type png)
<use figure/manga_ninja_try1.png>
Package pdftex.def Info: figure/manga_ninja_try1.png  used on input line 170.
(pdftex.def)             Requested size: 204.85846pt x 133.04636pt.
<figure/manga_ninja_try2.png, id=315, 513.92pt x 513.92pt>
File: figure/manga_ninja_try2.png Graphic file (type png)
<use figure/manga_ninja_try2.png>
Package pdftex.def Info: figure/manga_ninja_try2.png  used on input line 177.
(pdftex.def)             Requested size: 204.85846pt x 204.85858pt.



Package fancyhdr Warning: \headheight is too small (12.0pt): 
(fancyhdr)                Make it at least 13.59999pt, for example:
(fancyhdr)                \setlength{\headheight}{13.59999pt}.
(fancyhdr)                You might also make \topmargin smaller:
(fancyhdr)                \addtolength{\topmargin}{-1.59999pt}.

[8 <./figure/manga_ninja.png>]
Overfull \hbox (6.84346pt too wide) in paragraph at lines 189--189
|[]\OT1/cmr/bx/n/12 Context-Informed Ma-chine Trans-la-tion of Manga us-ing Mul-ti-modal Large
 []


Overfull \hbox (0.87541pt too wide) in paragraph at lines 191--192
\OT1/cmr/m/n/10.95 Lippmann \LUC/nanummj/m/n/10.95/b4 ñ \OT1/cmr/m/n/10.95 [[]]\LUC/nanummj/m/n/10.95/c7 t \OT1/cmr/m/n/10.95 2025\LUC/nanummj/m/n/10.95/b1 D \OT1/cmr/m/n/10.95 COL-ING\LUC/nanummj/m/n/10.95/c5 Ð\LUC/nanummj/m/n/10.95/c1 ^^\ \LUC/nanummj/m/n/10.95/bc ^^\\LUC/nanummj/m/n/10.95/d4 \\LUC/nanummj/m/n/10.95/d5 \ \LUC/nanummj/m/n/10.95/c5 ð\LUC/nanummj/m/n/10.95/ad l\LUC/nanummj/m/n/10.95/b2 ” \OT1/cmr/m/n/10.95 mul-ti-modal large lan-guage model(MLLM)
 []

<figure/manga_mllm.png, id=324, 1000.73875pt x 551.05875pt>
File: figure/manga_mllm.png Graphic file (type png)
<use figure/manga_mllm.png>
Package pdftex.def Info: figure/manga_mllm.png  used on input line 195.
(pdftex.def)             Requested size: 364.19667pt x 200.54196pt.



Package fancyhdr Warning: \headheight is too small (12.0pt): 
(fancyhdr)                Make it at least 13.59999pt, for example:
(fancyhdr)                \setlength{\headheight}{13.59999pt}.
(fancyhdr)                You might also make \topmargin smaller:
(fancyhdr)                \addtolength{\topmargin}{-1.59999pt}.

[9 <./figure/manga_ninja_try1.png> <./figure/manga_ninja_try2.png>]


Package fancyhdr Warning: \headheight is too small (12.0pt): 
(fancyhdr)                Make it at least 13.59999pt, for example:
(fancyhdr)                \setlength{\headheight}{13.59999pt}.
(fancyhdr)                You might also make \topmargin smaller:
(fancyhdr)                \addtolength{\topmargin}{-1.59999pt}.

[10 <./figure/manga_mllm.png>]

LaTeX Font Warning: Font shape `LUC/uhcmj/bx/n' undefined
(Font)              using `LUC/uhcmj/m/n' instead on input line 217.


Overfull \hbox (13.14935pt too wide) in paragraph at lines 219--220
\LUC/nanummj/m/n/10.95/cc « \LUC/nanummj/m/n/10.95/bc ˆ\LUC/nanummj/m/n/10.95/c9 ø \LUC/nanummj/m/n/10.95/c2 ä\LUC/nanummj/m/n/10.95/d5 Ø \LUC/nanummj/m/n/10.95/b3 p\LUC/nanummj/m/n/10.95/c7 t\LUC/nanummj/m/n/10.95/d1 0\LUC/nanummj/m/n/10.95/b2 ” \LUC/uhcmj/m/n/10.95/84 ¼\LUC/uhcmj/m/n/10.95/5d Ý\LUC/uhcmj/m/n/10.95/30 jj\OT1/cmr/m/n/10.95 (Aokawa Nana) \LUC/nanummj/m/n/10.95/c7 ‘\LUC/nanummj/m/n/10.95/ac ^^@\LUC/nanummj/m/n/10.95/c7 X []\LUC/uhcmj/m/n/10.95/54 ^^H\LUC/uhcmj/m/n/10.95/30 ³ók\LUC/uhcmj/m/n/10.95/88 L\LUC/uhcmj/m/n/10.95/30 c_‰\LUC/uhcmj/m/n/10.95/59 s\LUC/uhcmj/m/n/10.95/30 LDjKc_\LUC/uhcmj/m/n/10.95/8a q[]\OT1/cmr/m/n/10.95 (How
 []

<figure/136886858_p0.png, id=339, 256.43805pt x 361.35pt>
File: figure/136886858_p0.png Graphic file (type png)
<use figure/136886858_p0.png>
Package pdftex.def Info: figure/136886858_p0.png  used on input line 223.
(pdftex.def)             Requested size: 227.62206pt x 320.7624pt.

Overfull \hbox (9.1765pt too wide) in paragraph at lines 232--233
\LUC/nanummj/m/n/10.95/b4 P \LUC/nanummj/m/n/10.95/bc ˆ\LUC/nanummj/m/n/10.95/c9 ø \LUC/nanummj/m/n/10.95/c2 ä\LUC/nanummj/m/n/10.95/d5 Ø \LUC/nanummj/m/n/10.95/b3 p\LUC/nanummj/m/n/10.95/c7 t\LUC/nanummj/m/n/10.95/d1 0\LUC/nanummj/m/n/10.95/b2 ” \LUC/uhcmj/m/n/10.95/30 ÔÎ\OT1/cmr/m/n/10.95 /\LUC/uhcmj/m/n/10.95/30 ¨¹\OT1/cmr/m/n/10.95 (Pino/Esu) \LUC/nanummj/m/n/10.95/c7 ‘\LUC/nanummj/m/n/10.95/ac ^^@\LUC/nanummj/m/n/10.95/c7 X []\LUC/uhcmj/m/n/10.95/79 ^\LUC/uhcmj/m/n/10.95/30 o\LUC/uhcmj/m/n/10.95/53 Ë\LUC/uhcmj/m/n/10.95/90 T\LUC/uhcmj/m/n/10.95/30 L\LUC/uhcmj/m/n/10.95/5c ^^Q\LUC/uhcmj/m/n/10.95/30 jD[]\OT1/cmr/m/n/10.95 (God Has Few Friends) [[]]
 []

<figure/107422372_p0.png, id=341, 1416.29124pt x 2007.5pt>
File: figure/107422372_p0.png Graphic file (type png)
<use figure/107422372_p0.png>
Package pdftex.def Info: figure/107422372_p0.png  used on input line 236.
(pdftex.def)             Requested size: 227.62206pt x 322.61563pt.



Package fancyhdr Warning: \headheight is too small (12.0pt): 
(fancyhdr)                Make it at least 13.59999pt, for example:
(fancyhdr)                \setlength{\headheight}{13.59999pt}.
(fancyhdr)                You might also make \topmargin smaller:
(fancyhdr)                \addtolength{\topmargin}{-1.59999pt}.

[11 <./figure/136886858_p0.png>]


Package fancyhdr Warning: \headheight is too small (12.0pt): 
(fancyhdr)                Make it at least 13.59999pt, for example:
(fancyhdr)                \setlength{\headheight}{13.59999pt}.
(fancyhdr)                You might also make \topmargin smaller:
(fancyhdr)                \addtolength{\topmargin}{-1.59999pt}.

[12 <./figure/107422372_p0.png>]
<figure/baseline_translate_batch_structure.png, id=361, 678.535pt x 729.72626pt>
File: figure/baseline_translate_batch_structure.png Graphic file (type png)
<use figure/baseline_translate_batch_structure.png>
Package pdftex.def Info: figure/baseline_translate_batch_structure.png  used on input line 256.
(pdftex.def)             Requested size: 204.85846pt x 220.3114pt.
<figure/baseline_colorization_batch_structure.png, id=362, 622.325pt x 717.68124pt>
File: figure/baseline_colorization_batch_structure.png Graphic file (type png)
<use figure/baseline_colorization_batch_structure.png>
Package pdftex.def Info: figure/baseline_colorization_batch_structure.png  used on input line 263.
(pdftex.def)             Requested size: 204.85846pt x 236.24419pt.
<figure/nano_manana_translate_batch_structure.png, id=363, 688.5725pt x 682.55pt>
File: figure/nano_manana_translate_batch_structure.png Graphic file (type png)
<use figure/nano_manana_translate_batch_structure.png>
Package pdftex.def Info: figure/nano_manana_translate_batch_structure.png  used on input line 285.
(pdftex.def)             Requested size: 204.85846pt x 203.06895pt.
<figure/nano_manana_colorization_batch_structure.png, id=364, 785.93625pt x 636.3775pt>
File: figure/nano_manana_colorization_batch_structure.png Graphic file (type png)
<use figure/nano_manana_colorization_batch_structure.png>
Package pdftex.def Info: figure/nano_manana_colorization_batch_structure.png  used on input line 292.
(pdftex.def)             Requested size: 204.85846pt x 165.87178pt.



Package fancyhdr Warning: \headheight is too small (12.0pt): 
(fancyhdr)                Make it at least 13.59999pt, for example:
(fancyhdr)                \setlength{\headheight}{13.59999pt}.
(fancyhdr)                You might also make \topmargin smaller:
(fancyhdr)                \addtolength{\topmargin}{-1.59999pt}.

[13 <./figure/baseline_translate_batch_structure.png> <./figure/baseline_colorization_batch_structure.png>]
Package hyperref Info: bookmark level for unknown lstlisting defaults to 0 on input line 311.



Package fancyhdr Warning: \headheight is too small (12.0pt): 
(fancyhdr)                Make it at least 13.59999pt, for example:
(fancyhdr)                \setlength{\headheight}{13.59999pt}.
(fancyhdr)                You might also make \topmargin smaller:
(fancyhdr)                \addtolength{\topmargin}{-1.59999pt}.

[14 <./figure/nano_manana_translate_batch_structure.png> <./figure/nano_manana_colorization_batch_structure.png>]


Package fancyhdr Warning: \headheight is too small (12.0pt): 
(fancyhdr)                Make it at least 13.59999pt, for example:
(fancyhdr)                \setlength{\headheight}{13.59999pt}.
(fancyhdr)                You might also make \topmargin smaller:
(fancyhdr)                \addtolength{\topmargin}{-1.59999pt}.

[15]
<figure/bilingual_translation.png, id=434, 1734.48pt x 2473.24pt>
File: figure/bilingual_translation.png Graphic file (type png)
<use figure/bilingual_translation.png>
Package pdftex.def Info: figure/bilingual_translation.png  used on input line 389.
(pdftex.def)             Requested size: 318.66948pt x 454.37221pt.



Package fancyhdr Warning: \headheight is too small (12.0pt): 
(fancyhdr)                Make it at least 13.59999pt, for example:
(fancyhdr)                \setlength{\headheight}{13.59999pt}.
(fancyhdr)                You might also make \topmargin smaller:
(fancyhdr)                \addtolength{\topmargin}{-1.59999pt}.

[16]
<figure/enhanced_colorization_comparison.png, id=451, 1016.79875pt x 367.3725pt>
File: figure/enhanced_colorization_comparison.png Graphic file (type png)
<use figure/enhanced_colorization_comparison.png>
Package pdftex.def Info: figure/enhanced_colorization_comparison.png  used on input line 413.
(pdftex.def)             Requested size: 409.71692pt x 148.03387pt.



Package fancyhdr Warning: \headheight is too small (12.0pt): 
(fancyhdr)                Make it at least 13.59999pt, for example:
(fancyhdr)                \setlength{\headheight}{13.59999pt}.
(fancyhdr)                You might also make \topmargin smaller:
(fancyhdr)                \addtolength{\topmargin}{-1.59999pt}.

[17 <./figure/bilingual_translation.png (PNG copy)>]
<figure/nano_manana_web_hero.png, id=467, 2039.62pt x 1285.80376pt>
File: figure/nano_manana_web_hero.png Graphic file (type png)
<use figure/nano_manana_web_hero.png>
Package pdftex.def Info: figure/nano_manana_web_hero.png  used on input line 438.
(pdftex.def)             Requested size: 409.71692pt x 258.27452pt.



Package fancyhdr Warning: \headheight is too small (12.0pt): 
(fancyhdr)                Make it at least 13.59999pt, for example:
(fancyhdr)                \setlength{\headheight}{13.59999pt}.
(fancyhdr)                You might also make \topmargin smaller:
(fancyhdr)                \addtolength{\topmargin}{-1.59999pt}.

[18 <./figure/enhanced_colorization_comparison.png>]
<figure/nano_manana_web_working.png, id=487, 2039.62pt x 1285.80376pt>
File: figure/nano_manana_web_working.png Graphic file (type png)
<use figure/nano_manana_web_working.png>
Package pdftex.def Info: figure/nano_manana_web_working.png  used on input line 445.
(pdftex.def)             Requested size: 409.71692pt x 258.27452pt.



Package fancyhdr Warning: \headheight is too small (12.0pt): 
(fancyhdr)                Make it at least 13.59999pt, for example:
(fancyhdr)                \setlength{\headheight}{13.59999pt}.
(fancyhdr)                You might also make \topmargin smaller:
(fancyhdr)                \addtolength{\topmargin}{-1.59999pt}.

[19 <./figure/nano_manana_web_hero.png> <./figure/nano_manana_web_working.png>]
<figure/model_sheet_expected.png, id=497, 858.20625pt x 508.90125pt>
File: figure/model_sheet_expected.png Graphic file (type png)
<use figure/model_sheet_expected.png>
Package pdftex.def Info: figure/model_sheet_expected.png  used on input line 462.
(pdftex.def)             Requested size: 273.14923pt x 161.97426pt.
<figure/model_sheet_failed/ex1.png, id=499, 838.13126pt x 527.9725pt>
File: figure/model_sheet_failed/ex1.png Graphic file (type png)
<use figure/model_sheet_failed/ex1.png>
Package pdftex.def Info: figure/model_sheet_failed/ex1.png  used on input line 485.
(pdftex.def)             Requested size: 136.57462pt x 86.03217pt.
<figure/model_sheet_failed/ex2.png, id=500, 832.10875pt x 519.9425pt>
File: figure/model_sheet_failed/ex2.png Graphic file (type png)
<use figure/model_sheet_failed/ex2.png>
Package pdftex.def Info: figure/model_sheet_failed/ex2.png  used on input line 491.
(pdftex.def)             Requested size: 136.57462pt x 85.33458pt.
<figure/model_sheet_failed/ex3.png, id=501, 842.14626pt x 543.02875pt>
File: figure/model_sheet_failed/ex3.png Graphic file (type png)
<use figure/model_sheet_failed/ex3.png>
Package pdftex.def Info: figure/model_sheet_failed/ex3.png  used on input line 497.
(pdftex.def)             Requested size: 136.57462pt x 88.06297pt.



Package fancyhdr Warning: \headheight is too small (12.0pt): 
(fancyhdr)                Make it at least 13.59999pt, for example:
(fancyhdr)                \setlength{\headheight}{13.59999pt}.
(fancyhdr)                You might also make \topmargin smaller:
(fancyhdr)                \addtolength{\topmargin}{-1.59999pt}.

[20 <./figure/model_sheet_expected.png>]
<figure/grid_batch_2x1.png, id=519, 1218.5525pt x 429.605pt>
File: figure/grid_batch_2x1.png Graphic file (type png)
<use figure/grid_batch_2x1.png>
Package pdftex.def Info: figure/grid_batch_2x1.png  used on input line 514.
(pdftex.def)             Requested size: 204.85846pt x 72.21902pt.
<figure/grid_batch_3x1.png, id=520, 1202.4925pt x 316.18124pt>
File: figure/grid_batch_3x1.png Graphic file (type png)
<use figure/grid_batch_3x1.png>
Package pdftex.def Info: figure/grid_batch_3x1.png  used on input line 520.
(pdftex.def)             Requested size: 204.85846pt x 53.86105pt.
<figure/grid_batch_2x2.png, id=521, 910.40125pt x 567.11874pt>
File: figure/grid_batch_2x2.png Graphic file (type png)
<use figure/grid_batch_2x2.png>
Package pdftex.def Info: figure/grid_batch_2x2.png  used on input line 531.
(pdftex.def)             Requested size: 204.85846pt x 127.61351pt.
<figure/grid_batch_3x3.png, id=522, 921.4425pt x 563.10374pt>
File: figure/grid_batch_3x3.png Graphic file (type png)
<use figure/grid_batch_3x3.png>
Package pdftex.def Info: figure/grid_batch_3x3.png  used on input line 537.
(pdftex.def)             Requested size: 204.85846pt x 125.18922pt.
<figure/grid_batch_low_consistency.png, id=523, 867.24pt x 404.51125pt>
File: figure/grid_batch_low_consistency.png Graphic file (type png)
<use figure/grid_batch_low_consistency.png>
Package pdftex.def Info: figure/grid_batch_low_consistency.png  used on input line 548.
(pdftex.def)             Requested size: 364.19667pt x 169.87505pt.



Package fancyhdr Warning: \headheight is too small (12.0pt): 
(fancyhdr)                Make it at least 13.59999pt, for example:
(fancyhdr)                \setlength{\headheight}{13.59999pt}.
(fancyhdr)                You might also make \topmargin smaller:
(fancyhdr)                \addtolength{\topmargin}{-1.59999pt}.

[21 <./figure/model_sheet_failed/ex1.png> <./figure/model_sheet_failed/ex2.png> <./figure/model_sheet_failed/ex3.png> <./figure/grid_batch_2x1.png> <./figure/grid_batch_3x1.png> <./figure/grid_batch_2x2.png> <./figure/grid_batch_3x3.png>]
<figure/grid_batch_original_vs_1x1.png, id=538, 1186.4325pt x 430.60875pt>
File: figure/grid_batch_original_vs_1x1.png Graphic file (type png)
<use figure/grid_batch_original_vs_1x1.png>
Package pdftex.def Info: figure/grid_batch_original_vs_1x1.png  used on input line 559.
(pdftex.def)             Requested size: 204.85846pt x 74.35236pt.
<figure/grid_batch_2x2_vs_3x3.png, id=539, 1178.4025pt x 445.665pt>
File: figure/grid_batch_2x2_vs_3x3.png Graphic file (type png)
<use figure/grid_batch_2x2_vs_3x3.png>
Package pdftex.def Info: figure/grid_batch_2x2_vs_3x3.png  used on input line 565.
(pdftex.def)             Requested size: 204.85846pt x 77.47571pt.
<figure/bbox_identifier_fail.png, id=540, 859.21pt x 558.085pt>
File: figure/bbox_identifier_fail.png Graphic file (type png)
<use figure/bbox_identifier_fail.png>
Package pdftex.def Info: figure/bbox_identifier_fail.png  used on input line 588.
(pdftex.def)             Requested size: 318.66948pt x 206.99065pt.



Package fancyhdr Warning: \headheight is too small (12.0pt): 
(fancyhdr)                Make it at least 13.59999pt, for example:
(fancyhdr)                \setlength{\headheight}{13.59999pt}.
(fancyhdr)                You might also make \topmargin smaller:
(fancyhdr)                \addtolength{\topmargin}{-1.59999pt}.

[22 <./figure/grid_batch_low_consistency.png> <./figure/grid_batch_original_vs_1x1.png> <./figure/grid_batch_2x2_vs_3x3.png>]


Package fancyhdr Warning: \headheight is too small (12.0pt): 
(fancyhdr)                Make it at least 13.59999pt, for example:
(fancyhdr)                \setlength{\headheight}{13.59999pt}.
(fancyhdr)                You might also make \topmargin smaller:
(fancyhdr)                \addtolength{\topmargin}{-1.59999pt}.

[23 <./figure/bbox_identifier_fail.png>]
<figure/pixiv1_original_vs_manana_ct_b5/p13.png, id=562, 722.7pt x 578.16pt>
File: figure/pixiv1_original_vs_manana_ct_b5/p13.png Graphic file (type png)
<use figure/pixiv1_original_vs_manana_ct_b5/p13.png>
Package pdftex.def Info: figure/pixiv1_original_vs_manana_ct_b5/p13.png  used on input line 618.
(pdftex.def)             Requested size: 409.71692pt x 327.77258pt.



Package fancyhdr Warning: \headheight is too small (12.0pt): 
(fancyhdr)                Make it at least 13.59999pt, for example:
(fancyhdr)                \setlength{\headheight}{13.59999pt}.
(fancyhdr)                You might also make \topmargin smaller:
(fancyhdr)                \addtolength{\topmargin}{-1.59999pt}.

[24]
<figure/nano_manana_fail_different_aspect_ratio.png, id=569, 1032.85875pt x 451.6875pt>
File: figure/nano_manana_fail_different_aspect_ratio.png Graphic file (type png)
<use figure/nano_manana_fail_different_aspect_ratio.png>
Package pdftex.def Info: figure/nano_manana_fail_different_aspect_ratio.png  used on input line 633.
(pdftex.def)             Requested size: 318.66948pt x 139.36002pt.



Package fancyhdr Warning: \headheight is too small (12.0pt): 
(fancyhdr)                Make it at least 13.59999pt, for example:
(fancyhdr)                \setlength{\headheight}{13.59999pt}.
(fancyhdr)                You might also make \topmargin smaller:
(fancyhdr)                \addtolength{\topmargin}{-1.59999pt}.

[25 <./figure/pixiv1_original_vs_manana_ct_b5/p13.png>]
<figure/nano_manana_api_token_chart.png, id=580, 1394.20876pt x 792.9625pt>
File: figure/nano_manana_api_token_chart.png Graphic file (type png)
<use figure/nano_manana_api_token_chart.png>
Package pdftex.def Info: figure/nano_manana_api_token_chart.png  used on input line 646.
(pdftex.def)             Requested size: 409.71692pt x 233.02654pt.



Package fancyhdr Warning: \headheight is too small (12.0pt): 
(fancyhdr)                Make it at least 13.59999pt, for example:
(fancyhdr)                \setlength{\headheight}{13.59999pt}.
(fancyhdr)                You might also make \topmargin smaller:
(fancyhdr)                \addtolength{\topmargin}{-1.59999pt}.

[26 <./figure/nano_manana_fail_different_aspect_ratio.png> <./figure/nano_manana_api_token_chart.png>]
<figure/git_contribution_stats.png, id=589, 481.8pt x 265.99374pt>
File: figure/git_contribution_stats.png Graphic file (type png)
<use figure/git_contribution_stats.png>
Package pdftex.def Info: figure/git_contribution_stats.png  used on input line 680.
(pdftex.def)             Requested size: 364.19667pt x 201.07365pt.



Package fancyhdr Warning: \headheight is too small (12.0pt): 
(fancyhdr)                Make it at least 13.59999pt, for example:
(fancyhdr)                \setlength{\headheight}{13.59999pt}.
(fancyhdr)                You might also make \topmargin smaller:
(fancyhdr)                \addtolength{\topmargin}{-1.59999pt}.

[27 <./figure/git_contribution_stats.png>]


Package fancyhdr Warning: \headheight is too small (12.0pt): 
(fancyhdr)                Make it at least 13.59999pt, for example:
(fancyhdr)                \setlength{\headheight}{13.59999pt}.
(fancyhdr)                You might also make \topmargin smaller:
(fancyhdr)                \addtolength{\topmargin}{-1.59999pt}.

[28]
LaTeX Font Info:    Font shape `LUC/uhcmj/m/it' in size <10.95> not available
(Font)              Font shape `LUC/uhcmj/m/sl' tried instead on input line 729.



Package fancyhdr Warning: \headheight is too small (12.0pt): 
(fancyhdr)                Make it at least 13.59999pt, for example:
(fancyhdr)                \setlength{\headheight}{13.59999pt}.
(fancyhdr)                You might also make \topmargin smaller:
(fancyhdr)                \addtolength{\topmargin}{-1.59999pt}.

[29]
<figure/pixiv1_original_vs_nbp-base/p0.png, id=620, 722.7pt x 578.16pt>
File: figure/pixiv1_original_vs_nbp-base/p0.png Graphic file (type png)
<use figure/pixiv1_original_vs_nbp-base/p0.png>
Package pdftex.def Info: figure/pixiv1_original_vs_nbp-base/p0.png  used on input line 761.
(pdftex.def)             Requested size: 204.85846pt x 163.88629pt.
<figure/pixiv1_original_vs_nbp-base/p1.png, id=621, 722.7pt x 578.16pt>
File: figure/pixiv1_original_vs_nbp-base/p1.png Graphic file (type png)
<use figure/pixiv1_original_vs_nbp-base/p1.png>
Package pdftex.def Info: figure/pixiv1_original_vs_nbp-base/p1.png  used on input line 767.
(pdftex.def)             Requested size: 204.85846pt x 163.88629pt.
<figure/pixiv1_original_vs_nbp-base/p2.png, id=622, 722.7pt x 578.16pt>
File: figure/pixiv1_original_vs_nbp-base/p2.png Graphic file (type png)
<use figure/pixiv1_original_vs_nbp-base/p2.png>
Package pdftex.def Info: figure/pixiv1_original_vs_nbp-base/p2.png  used on input line 776.
(pdftex.def)             Requested size: 204.85846pt x 163.88629pt.
<figure/pixiv1_original_vs_nbp-base/p3.png, id=623, 722.7pt x 578.16pt>
File: figure/pixiv1_original_vs_nbp-base/p3.png Graphic file (type png)
<use figure/pixiv1_original_vs_nbp-base/p3.png>
Package pdftex.def Info: figure/pixiv1_original_vs_nbp-base/p3.png  used on input line 782.
(pdftex.def)             Requested size: 204.85846pt x 163.88629pt.
<figure/pixiv1_original_vs_nbp-base/p4.png, id=624, 722.7pt x 578.16pt>
File: figure/pixiv1_original_vs_nbp-base/p4.png Graphic file (type png)
<use figure/pixiv1_original_vs_nbp-base/p4.png>
Package pdftex.def Info: figure/pixiv1_original_vs_nbp-base/p4.png  used on input line 791.
(pdftex.def)             Requested size: 204.85846pt x 163.88629pt.
<figure/pixiv1_original_vs_nbp-base/p5.png, id=625, 722.7pt x 578.16pt>
File: figure/pixiv1_original_vs_nbp-base/p5.png Graphic file (type png)
<use figure/pixiv1_original_vs_nbp-base/p5.png>
Package pdftex.def Info: figure/pixiv1_original_vs_nbp-base/p5.png  used on input line 797.
(pdftex.def)             Requested size: 204.85846pt x 163.88629pt.
<figure/pixiv1_original_vs_nbp-base/p6.png, id=626, 722.7pt x 578.16pt>
File: figure/pixiv1_original_vs_nbp-base/p6.png Graphic file (type png)
<use figure/pixiv1_original_vs_nbp-base/p6.png>
Package pdftex.def Info: figure/pixiv1_original_vs_nbp-base/p6.png  used on input line 806.
(pdftex.def)             Requested size: 204.85846pt x 163.88629pt.
<figure/pixiv1_original_vs_nbp-base/p7.png, id=627, 722.7pt x 578.16pt>
File: figure/pixiv1_original_vs_nbp-base/p7.png Graphic file (type png)
<use figure/pixiv1_original_vs_nbp-base/p7.png>
Package pdftex.def Info: figure/pixiv1_original_vs_nbp-base/p7.png  used on input line 812.
(pdftex.def)             Requested size: 204.85846pt x 163.88629pt.



Package fancyhdr Warning: \headheight is too small (12.0pt): 
(fancyhdr)                Make it at least 13.59999pt, for example:
(fancyhdr)                \setlength{\headheight}{13.59999pt}.
(fancyhdr)                You might also make \topmargin smaller:
(fancyhdr)                \addtolength{\topmargin}{-1.59999pt}.

[30 <./figure/pixiv1_original_vs_nbp-base/p0.png> <./figure/pixiv1_original_vs_nbp-base/p1.png> <./figure/pixiv1_original_vs_nbp-base/p2.png> <./figure/pixiv1_original_vs_nbp-base/p3.png> <./figure/pixiv1_original_vs_nbp-base/p4.png> <./figure/pixiv1_original_vs_nbp-base/p5.png>]
<figure/pixiv1_original_vs_nbp-base/p8.png, id=642, 722.7pt x 578.16pt>
File: figure/pixiv1_original_vs_nbp-base/p8.png Graphic file (type png)
<use figure/pixiv1_original_vs_nbp-base/p8.png>
Package pdftex.def Info: figure/pixiv1_original_vs_nbp-base/p8.png  used on input line 821.
(pdftex.def)             Requested size: 204.85846pt x 163.88629pt.
<figure/pixiv1_original_vs_nbp-base/p9.png, id=643, 722.7pt x 578.16pt>
File: figure/pixiv1_original_vs_nbp-base/p9.png Graphic file (type png)
<use figure/pixiv1_original_vs_nbp-base/p9.png>
Package pdftex.def Info: figure/pixiv1_original_vs_nbp-base/p9.png  used on input line 827.
(pdftex.def)             Requested size: 204.85846pt x 163.88629pt.
<figure/pixiv1_original_vs_nbp-base/p10.png, id=644, 722.7pt x 578.16pt>
File: figure/pixiv1_original_vs_nbp-base/p10.png Graphic file (type png)
<use figure/pixiv1_original_vs_nbp-base/p10.png>
Package pdftex.def Info: figure/pixiv1_original_vs_nbp-base/p10.png  used on input line 836.
(pdftex.def)             Requested size: 204.85846pt x 163.88629pt.
<figure/pixiv1_original_vs_nbp-base/p11.png, id=645, 722.7pt x 578.16pt>
File: figure/pixiv1_original_vs_nbp-base/p11.png Graphic file (type png)
<use figure/pixiv1_original_vs_nbp-base/p11.png>
Package pdftex.def Info: figure/pixiv1_original_vs_nbp-base/p11.png  used on input line 842.
(pdftex.def)             Requested size: 204.85846pt x 163.88629pt.
<figure/pixiv1_original_vs_nbp-base/p12.png, id=646, 722.7pt x 578.16pt>
File: figure/pixiv1_original_vs_nbp-base/p12.png Graphic file (type png)
<use figure/pixiv1_original_vs_nbp-base/p12.png>
Package pdftex.def Info: figure/pixiv1_original_vs_nbp-base/p12.png  used on input line 851.
(pdftex.def)             Requested size: 204.85846pt x 163.88629pt.
<figure/pixiv1_original_vs_nbp-base/p13.png, id=647, 722.7pt x 578.16pt>
File: figure/pixiv1_original_vs_nbp-base/p13.png Graphic file (type png)
<use figure/pixiv1_original_vs_nbp-base/p13.png>
Package pdftex.def Info: figure/pixiv1_original_vs_nbp-base/p13.png  used on input line 857.
(pdftex.def)             Requested size: 204.85846pt x 163.88629pt.



Package fancyhdr Warning: \headheight is too small (12.0pt): 
(fancyhdr)                Make it at least 13.59999pt, for example:
(fancyhdr)                \setlength{\headheight}{13.59999pt}.
(fancyhdr)                You might also make \topmargin smaller:
(fancyhdr)                \addtolength{\topmargin}{-1.59999pt}.

[31 <./figure/pixiv1_original_vs_nbp-base/p6.png> <./figure/pixiv1_original_vs_nbp-base/p7.png> <./figure/pixiv1_original_vs_nbp-base/p8.png> <./figure/pixiv1_original_vs_nbp-base/p9.png> <./figure/pixiv1_original_vs_nbp-base/p10.png> <./figure/pixiv1_original_vs_nbp-base/p11.png>]
<figure/pixiv1_original_vs_nbp-base/p14.png, id=661, 722.7pt x 578.16pt>
File: figure/pixiv1_original_vs_nbp-base/p14.png Graphic file (type png)
<use figure/pixiv1_original_vs_nbp-base/p14.png>
Package pdftex.def Info: figure/pixiv1_original_vs_nbp-base/p14.png  used on input line 866.
(pdftex.def)             Requested size: 204.85846pt x 163.88629pt.
<figure/pixiv1_original_vs_nbp-base/p15.png, id=662, 722.7pt x 578.16pt>
File: figure/pixiv1_original_vs_nbp-base/p15.png Graphic file (type png)
<use figure/pixiv1_original_vs_nbp-base/p15.png>
Package pdftex.def Info: figure/pixiv1_original_vs_nbp-base/p15.png  used on input line 872.
(pdftex.def)             Requested size: 204.85846pt x 163.88629pt.
<figure/pixiv1_original_vs_nbp-base/p16.png, id=663, 722.7pt x 578.16pt>
File: figure/pixiv1_original_vs_nbp-base/p16.png Graphic file (type png)
<use figure/pixiv1_original_vs_nbp-base/p16.png>
Package pdftex.def Info: figure/pixiv1_original_vs_nbp-base/p16.png  used on input line 881.
(pdftex.def)             Requested size: 204.85846pt x 163.88629pt.
<figure/pixiv1_original_vs_nbp-base/p17.png, id=664, 722.7pt x 578.16pt>
File: figure/pixiv1_original_vs_nbp-base/p17.png Graphic file (type png)
<use figure/pixiv1_original_vs_nbp-base/p17.png>
Package pdftex.def Info: figure/pixiv1_original_vs_nbp-base/p17.png  used on input line 887.
(pdftex.def)             Requested size: 204.85846pt x 163.88629pt.



Package fancyhdr Warning: \headheight is too small (12.0pt): 
(fancyhdr)                Make it at least 13.59999pt, for example:
(fancyhdr)                \setlength{\headheight}{13.59999pt}.
(fancyhdr)                You might also make \topmargin smaller:
(fancyhdr)                \addtolength{\topmargin}{-1.59999pt}.

[32 <./figure/pixiv1_original_vs_nbp-base/p12.png> <./figure/pixiv1_original_vs_nbp-base/p13.png> <./figure/pixiv1_original_vs_nbp-base/p14.png> <./figure/pixiv1_original_vs_nbp-base/p15.png> <./figure/pixiv1_original_vs_nbp-base/p16.png> <./figure/pixiv1_original_vs_nbp-base/p17.png>]
<figure/pixiv1_original_vs_manana_ct_b5/p0.png, id=678, 722.7pt x 578.16pt>
File: figure/pixiv1_original_vs_manana_ct_b5/p0.png Graphic file (type png)
<use figure/pixiv1_original_vs_manana_ct_b5/p0.png>
Package pdftex.def Info: figure/pixiv1_original_vs_manana_ct_b5/p0.png  used on input line 905.
(pdftex.def)             Requested size: 204.85846pt x 163.88629pt.
<figure/pixiv1_original_vs_manana_ct_b5/p1.png, id=679, 722.7pt x 578.16pt>
File: figure/pixiv1_original_vs_manana_ct_b5/p1.png Graphic file (type png)
<use figure/pixiv1_original_vs_manana_ct_b5/p1.png>
Package pdftex.def Info: figure/pixiv1_original_vs_manana_ct_b5/p1.png  used on input line 911.
(pdftex.def)             Requested size: 204.85846pt x 163.88629pt.
<figure/pixiv1_original_vs_manana_ct_b5/p2.png, id=680, 722.7pt x 578.16pt>
File: figure/pixiv1_original_vs_manana_ct_b5/p2.png Graphic file (type png)
<use figure/pixiv1_original_vs_manana_ct_b5/p2.png>
Package pdftex.def Info: figure/pixiv1_original_vs_manana_ct_b5/p2.png  used on input line 920.
(pdftex.def)             Requested size: 204.85846pt x 163.88629pt.
<figure/pixiv1_original_vs_manana_ct_b5/p3.png, id=681, 722.7pt x 578.16pt>
File: figure/pixiv1_original_vs_manana_ct_b5/p3.png Graphic file (type png)
<use figure/pixiv1_original_vs_manana_ct_b5/p3.png>
Package pdftex.def Info: figure/pixiv1_original_vs_manana_ct_b5/p3.png  used on input line 926.
(pdftex.def)             Requested size: 204.85846pt x 163.88629pt.
<figure/pixiv1_original_vs_manana_ct_b5/p4.png, id=682, 722.7pt x 578.16pt>
File: figure/pixiv1_original_vs_manana_ct_b5/p4.png Graphic file (type png)
<use figure/pixiv1_original_vs_manana_ct_b5/p4.png>
Package pdftex.def Info: figure/pixiv1_original_vs_manana_ct_b5/p4.png  used on input line 935.
(pdftex.def)             Requested size: 204.85846pt x 163.88629pt.
<figure/pixiv1_original_vs_manana_ct_b5/p5.png, id=683, 722.7pt x 578.16pt>
File: figure/pixiv1_original_vs_manana_ct_b5/p5.png Graphic file (type png)
<use figure/pixiv1_original_vs_manana_ct_b5/p5.png>
Package pdftex.def Info: figure/pixiv1_original_vs_manana_ct_b5/p5.png  used on input line 941.
(pdftex.def)             Requested size: 204.85846pt x 163.88629pt.
<figure/pixiv1_original_vs_manana_ct_b5/p6.png, id=684, 722.7pt x 578.16pt>
File: figure/pixiv1_original_vs_manana_ct_b5/p6.png Graphic file (type png)
<use figure/pixiv1_original_vs_manana_ct_b5/p6.png>
Package pdftex.def Info: figure/pixiv1_original_vs_manana_ct_b5/p6.png  used on input line 950.
(pdftex.def)             Requested size: 204.85846pt x 163.88629pt.
<figure/pixiv1_original_vs_manana_ct_b5/p7.png, id=685, 722.7pt x 578.16pt>
File: figure/pixiv1_original_vs_manana_ct_b5/p7.png Graphic file (type png)
<use figure/pixiv1_original_vs_manana_ct_b5/p7.png>
Package pdftex.def Info: figure/pixiv1_original_vs_manana_ct_b5/p7.png  used on input line 956.
(pdftex.def)             Requested size: 204.85846pt x 163.88629pt.



Package fancyhdr Warning: \headheight is too small (12.0pt): 
(fancyhdr)                Make it at least 13.59999pt, for example:
(fancyhdr)                \setlength{\headheight}{13.59999pt}.
(fancyhdr)                You might also make \topmargin smaller:
(fancyhdr)                \addtolength{\topmargin}{-1.59999pt}.

[33 <./figure/pixiv1_original_vs_manana_ct_b5/p0.png> <./figure/pixiv1_original_vs_manana_ct_b5/p1.png> <./figure/pixiv1_original_vs_manana_ct_b5/p2.png> <./figure/pixiv1_original_vs_manana_ct_b5/p3.png> <./figure/pixiv1_original_vs_manana_ct_b5/p4.png> <./figure/pixiv1_original_vs_manana_ct_b5/p5.png>]
<figure/pixiv1_original_vs_manana_ct_b5/p8.png, id=701, 722.7pt x 578.16pt>
File: figure/pixiv1_original_vs_manana_ct_b5/p8.png Graphic file (type png)
<use figure/pixiv1_original_vs_manana_ct_b5/p8.png>
Package pdftex.def Info: figure/pixiv1_original_vs_manana_ct_b5/p8.png  used on input line 965.
(pdftex.def)             Requested size: 204.85846pt x 163.88629pt.
<figure/pixiv1_original_vs_manana_ct_b5/p9.png, id=702, 722.7pt x 578.16pt>
File: figure/pixiv1_original_vs_manana_ct_b5/p9.png Graphic file (type png)
<use figure/pixiv1_original_vs_manana_ct_b5/p9.png>
Package pdftex.def Info: figure/pixiv1_original_vs_manana_ct_b5/p9.png  used on input line 971.
(pdftex.def)             Requested size: 204.85846pt x 163.88629pt.
<figure/pixiv1_original_vs_manana_ct_b5/p10.png, id=703, 722.7pt x 578.16pt>
File: figure/pixiv1_original_vs_manana_ct_b5/p10.png Graphic file (type png)
<use figure/pixiv1_original_vs_manana_ct_b5/p10.png>
Package pdftex.def Info: figure/pixiv1_original_vs_manana_ct_b5/p10.png  used on input line 980.
(pdftex.def)             Requested size: 204.85846pt x 163.88629pt.
<figure/pixiv1_original_vs_manana_ct_b5/p11.png, id=704, 722.7pt x 578.16pt>
File: figure/pixiv1_original_vs_manana_ct_b5/p11.png Graphic file (type png)
<use figure/pixiv1_original_vs_manana_ct_b5/p11.png>
Package pdftex.def Info: figure/pixiv1_original_vs_manana_ct_b5/p11.png  used on input line 986.
(pdftex.def)             Requested size: 204.85846pt x 163.88629pt.
<figure/pixiv1_original_vs_manana_ct_b5/p12.png, id=705, 722.7pt x 578.16pt>
File: figure/pixiv1_original_vs_manana_ct_b5/p12.png Graphic file (type png)
<use figure/pixiv1_original_vs_manana_ct_b5/p12.png>
Package pdftex.def Info: figure/pixiv1_original_vs_manana_ct_b5/p12.png  used on input line 995.
(pdftex.def)             Requested size: 204.85846pt x 163.88629pt.
File: figure/pixiv1_original_vs_manana_ct_b5/p13.png Graphic file (type png)
<use figure/pixiv1_original_vs_manana_ct_b5/p13.png>
Package pdftex.def Info: figure/pixiv1_original_vs_manana_ct_b5/p13.png  used on input line 1001.
(pdftex.def)             Requested size: 204.85846pt x 163.88629pt.



Package fancyhdr Warning: \headheight is too small (12.0pt): 
(fancyhdr)                Make it at least 13.59999pt, for example:
(fancyhdr)                \setlength{\headheight}{13.59999pt}.
(fancyhdr)                You might also make \topmargin smaller:
(fancyhdr)                \addtolength{\topmargin}{-1.59999pt}.

[34 <./figure/pixiv1_original_vs_manana_ct_b5/p6.png> <./figure/pixiv1_original_vs_manana_ct_b5/p7.png> <./figure/pixiv1_original_vs_manana_ct_b5/p8.png> <./figure/pixiv1_original_vs_manana_ct_b5/p9.png> <./figure/pixiv1_original_vs_manana_ct_b5/p10.png> <./figure/pixiv1_original_vs_manana_ct_b5/p11.png>]
<figure/pixiv1_original_vs_manana_ct_b5/p14.png, id=719, 722.7pt x 578.16pt>
File: figure/pixiv1_original_vs_manana_ct_b5/p14.png Graphic file (type png)
<use figure/pixiv1_original_vs_manana_ct_b5/p14.png>
Package pdftex.def Info: figure/pixiv1_original_vs_manana_ct_b5/p14.png  used on input line 1010.
(pdftex.def)             Requested size: 204.85846pt x 163.88629pt.
<figure/pixiv1_original_vs_manana_ct_b5/p15.png, id=720, 722.7pt x 578.16pt>
File: figure/pixiv1_original_vs_manana_ct_b5/p15.png Graphic file (type png)
<use figure/pixiv1_original_vs_manana_ct_b5/p15.png>
Package pdftex.def Info: figure/pixiv1_original_vs_manana_ct_b5/p15.png  used on input line 1016.
(pdftex.def)             Requested size: 204.85846pt x 163.88629pt.
<figure/pixiv1_original_vs_manana_ct_b5/p16.png, id=721, 722.7pt x 578.16pt>
File: figure/pixiv1_original_vs_manana_ct_b5/p16.png Graphic file (type png)
<use figure/pixiv1_original_vs_manana_ct_b5/p16.png>
Package pdftex.def Info: figure/pixiv1_original_vs_manana_ct_b5/p16.png  used on input line 1025.
(pdftex.def)             Requested size: 204.85846pt x 163.88629pt.
<figure/pixiv1_original_vs_manana_ct_b5/p17.png, id=722, 722.7pt x 578.16pt>
File: figure/pixiv1_original_vs_manana_ct_b5/p17.png Graphic file (type png)
<use figure/pixiv1_original_vs_manana_ct_b5/p17.png>
Package pdftex.def Info: figure/pixiv1_original_vs_manana_ct_b5/p17.png  used on input line 1031.
(pdftex.def)             Requested size: 204.85846pt x 163.88629pt.
<figure/pixiv1_original_vs_manana_ct_b5/p18.png, id=723, 722.7pt x 578.16pt>
File: figure/pixiv1_original_vs_manana_ct_b5/p18.png Graphic file (type png)
<use figure/pixiv1_original_vs_manana_ct_b5/p18.png>
Package pdftex.def Info: figure/pixiv1_original_vs_manana_ct_b5/p18.png  used on input line 1038.
(pdftex.def)             Requested size: 204.85846pt x 163.88629pt.



Package fancyhdr Warning: \headheight is too small (12.0pt): 
(fancyhdr)                Make it at least 13.59999pt, for example:
(fancyhdr)                \setlength{\headheight}{13.59999pt}.
(fancyhdr)                You might also make \topmargin smaller:
(fancyhdr)                \addtolength{\topmargin}{-1.59999pt}.

[35 <./figure/pixiv1_original_vs_manana_ct_b5/p12.png> <./figure/pixiv1_original_vs_manana_ct_b5/p14.png> <./figure/pixiv1_original_vs_manana_ct_b5/p15.png> <./figure/pixiv1_original_vs_manana_ct_b5/p16.png> <./figure/pixiv1_original_vs_manana_ct_b5/p17.png>]


Package fancyhdr Warning: \headheight is too small (12.0pt): 
(fancyhdr)                Make it at least 13.59999pt, for example:
(fancyhdr)                \setlength{\headheight}{13.59999pt}.
(fancyhdr)                You might also make \topmargin smaller:
(fancyhdr)                \addtolength{\topmargin}{-1.59999pt}.

[36 <./figure/pixiv1_original_vs_manana_ct_b5/p18.png>]
<figure/pixiv2_original_vs_manana_ct_b5/p0.png, id=743, 722.7pt x 578.16pt>
File: figure/pixiv2_original_vs_manana_ct_b5/p0.png Graphic file (type png)
<use figure/pixiv2_original_vs_manana_ct_b5/p0.png>
Package pdftex.def Info: figure/pixiv2_original_vs_manana_ct_b5/p0.png  used on input line 1054.
(pdftex.def)             Requested size: 204.85846pt x 163.88629pt.
<figure/pixiv2_original_vs_manana_ct_b5/p1.png, id=744, 722.7pt x 578.16pt>
File: figure/pixiv2_original_vs_manana_ct_b5/p1.png Graphic file (type png)
<use figure/pixiv2_original_vs_manana_ct_b5/p1.png>
Package pdftex.def Info: figure/pixiv2_original_vs_manana_ct_b5/p1.png  used on input line 1060.
(pdftex.def)             Requested size: 204.85846pt x 163.88629pt.
<figure/pixiv2_original_vs_manana_ct_b5/p2.png, id=745, 722.7pt x 578.16pt>
File: figure/pixiv2_original_vs_manana_ct_b5/p2.png Graphic file (type png)
<use figure/pixiv2_original_vs_manana_ct_b5/p2.png>
Package pdftex.def Info: figure/pixiv2_original_vs_manana_ct_b5/p2.png  used on input line 1069.
(pdftex.def)             Requested size: 204.85846pt x 163.88629pt.
<figure/pixiv2_original_vs_manana_ct_b5/p3.png, id=746, 722.7pt x 578.16pt>
File: figure/pixiv2_original_vs_manana_ct_b5/p3.png Graphic file (type png)
<use figure/pixiv2_original_vs_manana_ct_b5/p3.png>
Package pdftex.def Info: figure/pixiv2_original_vs_manana_ct_b5/p3.png  used on input line 1075.
(pdftex.def)             Requested size: 204.85846pt x 163.88629pt.
<figure/pixiv2_original_vs_manana_ct_b5/p4.png, id=747, 722.7pt x 578.16pt>
File: figure/pixiv2_original_vs_manana_ct_b5/p4.png Graphic file (type png)
<use figure/pixiv2_original_vs_manana_ct_b5/p4.png>
Package pdftex.def Info: figure/pixiv2_original_vs_manana_ct_b5/p4.png  used on input line 1084.
(pdftex.def)             Requested size: 204.85846pt x 163.88629pt.
<figure/pixiv2_original_vs_manana_ct_b5/p5.png, id=748, 722.7pt x 578.16pt>
File: figure/pixiv2_original_vs_manana_ct_b5/p5.png Graphic file (type png)
<use figure/pixiv2_original_vs_manana_ct_b5/p5.png>
Package pdftex.def Info: figure/pixiv2_original_vs_manana_ct_b5/p5.png  used on input line 1090.
(pdftex.def)             Requested size: 204.85846pt x 163.88629pt.
<figure/pixiv2_original_vs_manana_ct_b5/p6.png, id=749, 722.7pt x 578.16pt>
File: figure/pixiv2_original_vs_manana_ct_b5/p6.png Graphic file (type png)
<use figure/pixiv2_original_vs_manana_ct_b5/p6.png>
Package pdftex.def Info: figure/pixiv2_original_vs_manana_ct_b5/p6.png  used on input line 1099.
(pdftex.def)             Requested size: 204.85846pt x 163.88629pt.
<figure/pixiv2_original_vs_manana_ct_b5/p7.png, id=750, 722.7pt x 578.16pt>
File: figure/pixiv2_original_vs_manana_ct_b5/p7.png Graphic file (type png)
<use figure/pixiv2_original_vs_manana_ct_b5/p7.png>
Package pdftex.def Info: figure/pixiv2_original_vs_manana_ct_b5/p7.png  used on input line 1105.
(pdftex.def)             Requested size: 204.85846pt x 163.88629pt.



Package fancyhdr Warning: \headheight is too small (12.0pt): 
(fancyhdr)                Make it at least 13.59999pt, for example:
(fancyhdr)                \setlength{\headheight}{13.59999pt}.
(fancyhdr)                You might also make \topmargin smaller:
(fancyhdr)                \addtolength{\topmargin}{-1.59999pt}.

[37 <./figure/pixiv2_original_vs_manana_ct_b5/p0.png> <./figure/pixiv2_original_vs_manana_ct_b5/p1.png> <./figure/pixiv2_original_vs_manana_ct_b5/p2.png> <./figure/pixiv2_original_vs_manana_ct_b5/p3.png> <./figure/pixiv2_original_vs_manana_ct_b5/p4.png> <./figure/pixiv2_original_vs_manana_ct_b5/p5.png>]
<figure/pixiv2_original_vs_manana_ct_b5/p8.png, id=764, 722.7pt x 578.16pt>
File: figure/pixiv2_original_vs_manana_ct_b5/p8.png Graphic file (type png)
<use figure/pixiv2_original_vs_manana_ct_b5/p8.png>
Package pdftex.def Info: figure/pixiv2_original_vs_manana_ct_b5/p8.png  used on input line 1114.
(pdftex.def)             Requested size: 204.85846pt x 163.88629pt.
<figure/pixiv2_original_vs_manana_ct_b5/p9.png, id=765, 722.7pt x 578.16pt>
File: figure/pixiv2_original_vs_manana_ct_b5/p9.png Graphic file (type png)
<use figure/pixiv2_original_vs_manana_ct_b5/p9.png>
Package pdftex.def Info: figure/pixiv2_original_vs_manana_ct_b5/p9.png  used on input line 1120.
(pdftex.def)             Requested size: 204.85846pt x 163.88629pt.
<figure/pixiv2_original_vs_manana_ct_b5/p10.png, id=766, 722.7pt x 578.16pt>
File: figure/pixiv2_original_vs_manana_ct_b5/p10.png Graphic file (type png)
<use figure/pixiv2_original_vs_manana_ct_b5/p10.png>
Package pdftex.def Info: figure/pixiv2_original_vs_manana_ct_b5/p10.png  used on input line 1129.
(pdftex.def)             Requested size: 204.85846pt x 163.88629pt.
<figure/pixiv2_original_vs_manana_ct_b5/p11.png, id=767, 722.7pt x 578.16pt>
File: figure/pixiv2_original_vs_manana_ct_b5/p11.png Graphic file (type png)
<use figure/pixiv2_original_vs_manana_ct_b5/p11.png>
Package pdftex.def Info: figure/pixiv2_original_vs_manana_ct_b5/p11.png  used on input line 1135.
(pdftex.def)             Requested size: 204.85846pt x 163.88629pt.
<figure/pixiv2_original_vs_manana_ct_b5/p12.png, id=768, 722.7pt x 578.16pt>
File: figure/pixiv2_original_vs_manana_ct_b5/p12.png Graphic file (type png)
<use figure/pixiv2_original_vs_manana_ct_b5/p12.png>
Package pdftex.def Info: figure/pixiv2_original_vs_manana_ct_b5/p12.png  used on input line 1144.
(pdftex.def)             Requested size: 204.85846pt x 163.88629pt.
<figure/pixiv2_original_vs_manana_ct_b5/p13.png, id=769, 722.7pt x 578.16pt>
File: figure/pixiv2_original_vs_manana_ct_b5/p13.png Graphic file (type png)
<use figure/pixiv2_original_vs_manana_ct_b5/p13.png>
Package pdftex.def Info: figure/pixiv2_original_vs_manana_ct_b5/p13.png  used on input line 1150.
(pdftex.def)             Requested size: 204.85846pt x 163.88629pt.



Package fancyhdr Warning: \headheight is too small (12.0pt): 
(fancyhdr)                Make it at least 13.59999pt, for example:
(fancyhdr)                \setlength{\headheight}{13.59999pt}.
(fancyhdr)                You might also make \topmargin smaller:
(fancyhdr)                \addtolength{\topmargin}{-1.59999pt}.

[38 <./figure/pixiv2_original_vs_manana_ct_b5/p6.png> <./figure/pixiv2_original_vs_manana_ct_b5/p7.png> <./figure/pixiv2_original_vs_manana_ct_b5/p8.png> <./figure/pixiv2_original_vs_manana_ct_b5/p9.png> <./figure/pixiv2_original_vs_manana_ct_b5/p10.png> <./figure/pixiv2_original_vs_manana_ct_b5/p11.png>]
<figure/pixiv2_original_vs_manana_ct_b5/p14.png, id=783, 722.7pt x 578.16pt>
File: figure/pixiv2_original_vs_manana_ct_b5/p14.png Graphic file (type png)
<use figure/pixiv2_original_vs_manana_ct_b5/p14.png>
Package pdftex.def Info: figure/pixiv2_original_vs_manana_ct_b5/p14.png  used on input line 1159.
(pdftex.def)             Requested size: 204.85846pt x 163.88629pt.
<figure/pixiv2_original_vs_manana_ct_b5/p15.png, id=784, 722.7pt x 578.16pt>
File: figure/pixiv2_original_vs_manana_ct_b5/p15.png Graphic file (type png)
<use figure/pixiv2_original_vs_manana_ct_b5/p15.png>
Package pdftex.def Info: figure/pixiv2_original_vs_manana_ct_b5/p15.png  used on input line 1165.
(pdftex.def)             Requested size: 204.85846pt x 163.88629pt.



Package fancyhdr Warning: \headheight is too small (12.0pt): 
(fancyhdr)                Make it at least 13.59999pt, for example:
(fancyhdr)                \setlength{\headheight}{13.59999pt}.
(fancyhdr)                You might also make \topmargin smaller:
(fancyhdr)                \addtolength{\topmargin}{-1.59999pt}.

[39 <./figure/pixiv2_original_vs_manana_ct_b5/p12.png> <./figure/pixiv2_original_vs_manana_ct_b5/p13.png> <./figure/pixiv2_original_vs_manana_ct_b5/p14.png> <./figure/pixiv2_original_vs_manana_ct_b5/p15.png>] (./report.aux)
 ***********
LaTeX2e <2024-11-01> patch level 2
L3 programming layer <2025-01-18>
 ***********


LaTeX Font Warning: Some font shapes were not available, defaults substituted.

Package rerunfilecheck Info: File `report.out' has not changed.
(rerunfilecheck)             Checksum: 32AC7BCE3E19AA2345B072D0F5C12FC6;5135.
 ) 
Here is how much of TeX's memory you used:
 16266 strings out of 473190
 270514 string characters out of 5715800
 924645 words of memory out of 5000000
 38862 multiletter control sequences out of 15000+600000
 679209 words of font info for 384 fonts, out of 8000000 for 9000
 1141 hyphenation exceptions out of 8191
 75i,13n,79p,1354b,2008s stack positions out of 10000i,1000n,20000p,200000b,200000s
</usr/local/texlive/2025/texmf-dist/fonts/type1/public/amsfonts/cm/cmbx10.pfb></usr/local/texlive/2025/texmf-dist/fonts/type1/public/amsfonts/cm/cmbx12.pfb></usr/local/texlive/2025/texmf-dist/fonts/type1/public/amsfonts/cm/cmmi10.pfb></usr/local/texlive/2025/texmf-dist/fonts/type1/public/amsfonts/cm/cmr10.pfb></usr/local/texlive/2025/texmf-dist/fonts/type1/public/amsfonts/cm/cmr12.pfb></usr/local/texlive/2025/texmf-dist/fonts/type1/public/amsfonts/cm/cmsy10.pfb></usr/local/texlive/2025/texmf-dist/fonts/type1/public/amsfonts/cm/cmti10.pfb></usr/local/texlive/2025/texmf-dist/fonts/type1/public/amsfonts/cm/cmtt10.pfb></usr/local/texlive/2025/texmf-dist/fonts/type1/public/nanumtype1/nanummjbac.pfb></usr/local/texlive/2025/texmf-dist/fonts/type1/public/nanumtype1/nanummjbad.pfb></usr/local/texlive/2025/texmf-dist/fonts/type1/public/nanumtype1/nanummjbb2.pfb></usr/local/texlive/2025/texmf-dist/fonts/type1/public/nanumtype1/nanummjbb3.pfb></usr/local/texlive/2025/texmf-dist/fonts/type1/public/nanumtype1/nanummjbb4.pfb></usr/local/texlive/2025/texmf-dist/fonts/type1/public/nanumtype1/nanummjbb5.pfb></usr/local/texlive/2025/texmf-dist/fonts/type1/public/nanumtype1/nanummjbb7.pfb></usr/local/texlive/2025/texmf-dist/fonts/type1/public/nanumtype1/nanummjbb8.pfb></usr/local/texlive/2025/texmf-dist/fonts/type1/public/nanumtype1/nanummjbb9.pfb></usr/local/texlive/2025/texmf-dist/fonts/type1/public/nanumtype1/nanummjbba.pfb></usr/local/texlive/2025/texmf-dist/fonts/type1/public/nanumtype1/nanummjbbb.pfb></usr/local/texlive/2025/texmf-dist/fonts/type1/public/nanumtype1/nanummjbbc.pfb></usr/local/texlive/2025/texmf-dist/fonts/type1/public/nanumtype1/nanummjbbe.pfb></usr/local/texlive/2025/texmf-dist/fonts/type1/public/nanumtype1/nanummjbc0.pfb></usr/local/texlive/2025/texmf-dist/fonts/type1/public/nanumtype1/nanummjbc1.pfb></usr/local/texlive/2025/texmf-dist/fonts/type1/public/nanumtype1/nanummjbc2.pfb></usr/local/texlive/2025/texmf-dist/fonts/type1/public/nanumtype1/nanummjbc5.pfb></usr/local/texlive/2025/texmf-dist/fonts/type1/public/nanumtype1/nanummjbc6.pfb></usr/local/texlive/2025/texmf-dist/fonts/type1/public/nanumtype1/nanummjbc7.pfb></usr/local/texlive/2025/texmf-dist/fonts/type1/public/nanumtype1/nanummjbc8.pfb></usr/local/texlive/2025/texmf-dist/fonts/type1/public/nanumtype1/nanummjbc9.pfb></usr/local/texlive/2025/texmf-dist/fonts/type1/public/nanumtype1/nanummjbcc.pfb></usr/local/texlive/2025/texmf-dist/fonts/type1/public/nanumtype1/nanummjbcd.pfb></usr/local/texlive/2025/texmf-dist/fonts/type1/public/nanumtype1/nanummjbcf.pfb></usr/local/texlive/2025/texmf-dist/fonts/type1/public/nanumtype1/nanummjbd0.pfb></usr/local/texlive/2025/texmf-dist/fonts/type1/public/nanumtype1/nanummjbd1.pfb></usr/local/texlive/2025/texmf-dist/fonts/type1/public/nanumtype1/nanummjbd2.pfb></usr/local/texlive/2025/texmf-dist/fonts/type1/public/nanumtype1/nanummjbd3.pfb></usr/local/texlive/2025/texmf-dist/fonts/type1/public/nanumtype1/nanummjbd4.pfb></usr/local/texlive/2025/texmf-dist/fonts/type1/public/nanumtype1/nanummjbd5.pfb></usr/local/texlive/2025/texmf-dist/fonts/type1/public/nanumtype1/nanummjbd6.pfb></usr/local/texlive/2025/texmf-dist/fonts/type1/public/nanumtype1/nanummjbd7.pfb></usr/local/texlive/2025/texmf-dist/fonts/type1/public/nanumtype1/nanummjmac.pfb></usr/local/texlive/2025/texmf-dist/fonts/type1/public/nanumtype1/nanummjmad.pfb></usr/local/texlive/2025/texmf-dist/fonts/type1/public/nanumtype1/nanummjmae.pfb></usr/local/texlive/2025/texmf-dist/fonts/type1/public/nanumtype1/nanummjmb0.pfb></usr/local/texlive/2025/texmf-dist/fonts/type1/public/nanumtype1/nanummjmb1.pfb></usr/local/texlive/2025/texmf-dist/fonts/type1/public/nanumtype1/nanummjmb2.pfb></usr/local/texlive/2025/texmf-dist/fonts/type1/public/nanumtype1/nanummjmb3.pfb></usr/local/texlive/2025/texmf-dist/fonts/type1/public/nanumtype1/nanummjmb4.pfb></usr/local/texlive/2025/texmf-dist/fonts/type1/public/nanumtype1/nanummjmb5.pfb></usr/local/texlive/2025/texmf-dist/fonts/type1/public/nanumtype1/nanummjmb6.pfb></usr/local/texlive/2025/texmf-dist/fonts/type1/public/nanumtype1/nanummjmb7.pfb></usr/local/texlive/2025/texmf-dist/fonts/type1/public/nanumtype1/nanummjmb8.pfb></usr/local/texlive/2025/texmf-dist/fonts/type1/public/nanumtype1/nanummjmb9.pfb></usr/local/texlive/2025/texmf-dist/fonts/type1/public/nanumtype1/nanummjmba.pfb></usr/local/texlive/2025/texmf-dist/fonts/type1/public/nanumtype1/nanummjmbb.pfb></usr/local/texlive/2025/texmf-dist/fonts/type1/public/nanumtype1/nanummjmbc.pfb></usr/local/texlive/2025/texmf-dist/fonts/type1/public/nanumtype1/nanummjmbd.pfb></usr/local/texlive/2025/texmf-dist/fonts/type1/public/nanumtype1/nanummjmbe.pfb></usr/local/texlive/2025/texmf-dist/fonts/type1/public/nanumtype1/nanummjmc0.pfb></usr/local/texlive/2025/texmf-dist/fonts/type1/public/nanumtype1/nanummjmc1.pfb></usr/local/texlive/2025/texmf-dist/fonts/type1/public/nanumtype1/nanummjmc2.pfb></usr/local/texlive/2025/texmf-dist/fonts/type1/public/nanumtype1/nanummjmc3.pfb></usr/local/texlive/2025/texmf-dist/fonts/type1/public/nanumtype1/nanummjmc5.pfb></usr/local/texlive/2025/texmf-dist/fonts/type1/public/nanumtype1/nanummjmc6.pfb></usr/local/texlive/2025/texmf-dist/fonts/type1/public/nanumtype1/nanummjmc7.pfb></usr/local/texlive/2025/texmf-dist/fonts/type1/public/nanumtype1/nanummjmc8.pfb></usr/local/texlive/2025/texmf-dist/fonts/type1/public/nanumtype1/nanummjmc9.pfb></usr/local/texlive/2025/texmf-dist/fonts/type1/public/nanumtype1/nanummjmcc.pfb></usr/local/texlive/2025/texmf-dist/fonts/type1/public/nanumtype1/nanummjmcd.pfb></usr/local/texlive/2025/texmf-dist/fonts/type1/public/nanumtype1/nanummjmce.pfb></usr/local/texlive/2025/texmf-dist/fonts/type1/public/nanumtype1/nanummjmcf.pfb></usr/local/texlive/2025/texmf-dist/fonts/type1/public/nanumtype1/nanummjmd0.pfb></usr/local/texlive/2025/texmf-dist/fonts/type1/public/nanumtype1/nanummjmd1.pfb></usr/local/texlive/2025/texmf-dist/fonts/type1/public/nanumtype1/nanummjmd2.pfb></usr/local/texlive/2025/texmf-dist/fonts/type1/public/nanumtype1/nanummjmd3.pfb></usr/local/texlive/2025/texmf-dist/fonts/type1/public/nanumtype1/nanummjmd4.pfb></usr/local/texlive/2025/texmf-dist/fonts/type1/public/nanumtype1/nanummjmd5.pfb></usr/local/texlive/2025/texmf-dist/fonts/type1/public/nanumtype1/nanummjmd6.pfb></usr/local/texlive/2025/texmf-dist/fonts/type1/public/nanumtype1/nanummjmd7.pfb></usr/local/texlive/2025/texmf-dist/fonts/type1/public/cm-super/sfbx1095.pfb></usr/local/texlive/2025/texmf-dist/fonts/type1/public/cm-super/sfbx1440.pfb></usr/local/texlive/2025/texmf-dist/fonts/type1/public/cm-super/sfrm1095.pfb></usr/local/texlive/2025/texmf-dist/fonts/type1/uhc/umj/umj02.pfb></usr/local/texlive/2025/texmf-dist/fonts/type1/uhc/umj/umj02.pfb></usr/local/texlive/2025/texmf-dist/fonts/type1/uhc/umj/umj05.pfb></usr/local/texlive/2025/texmf-dist/fonts/type1/uhc/umj/umj05.pfb></usr/local/texlive/2025/texmf-dist/fonts/type1/uhc/umj/umj21.pfb></usr/local/texlive/2025/texmf-dist/fonts/type1/uhc/umj/umj21.pfb></usr/local/texlive/2025/texmf-dist/fonts/type1/uhc/umj/umj22.pfb></usr/local/texlive/2025/texmf-dist/fonts/type1/uhc/umj/umj22.pfb></usr/local/texlive/2025/texmf-dist/fonts/type1/uhc/umj/umj23.pfb></usr/local/texlive/2025/texmf-dist/fonts/type1/uhc/umj/umj23.pfb></usr/local/texlive/2025/texmf-dist/fonts/type1/uhc/umj/umj31.pfb></usr/local/texlive/2025/texmf-dist/fonts/type1/uhc/umj/umj31.pfb></usr/local/texlive/2025/texmf-dist/fonts/type1/uhc/umj/umj33.pfb></usr/local/texlive/2025/texmf-dist/fonts/type1/uhc/umj/umj34.pfb></usr/local/texlive/2025/texmf-dist/fonts/type1/uhc/umj/umj34.pfb></usr/local/texlive/2025/texmf-dist/fonts/type1/uhc/umj/umj35.pfb></usr/local/texlive/2025/texmf-dist/fonts/type1/uhc/umj/umj35.pfb>
Output written on report.pdf (40 pages, 73932303 bytes).
PDF statistics:
 1251 PDF objects out of 1440 (max. 8388607)
 833 compressed objects within 9 object streams
 227 named destinations out of 1000 (max. 500000)
 727 words of extra memory for PDF output out of 10000 (max. 10000000)

