\BOOKMARK [1][-]{Doc-Start}{\376\377\306\224\305\175}{}% 1
\BOOKMARK [1][-]{section.1}{\376\377\301\034\270\140}{}% 2
\BOOKMARK [2][-]{subsection.1.1}{\376\377\305\360\255\154\000\040\310\374\310\034\000\040\301\214\254\034}{section.1}% 3
\BOOKMARK [2][-]{subsection.1.2}{\376\377\305\360\255\154\307\130\000\040\311\021\306\224\301\061}{section.1}% 4
\BOOKMARK [2][-]{subsection.1.3}{\376\377\254\260\254\374\000\040\306\224\305\175}{section.1}% 5
\BOOKMARK [1][-]{section.2}{\376\377\255\000\270\050\000\040\305\360\255\154}{}% 6
\BOOKMARK [2][-]{subsection.2.1}{\376\377\000M\000a\000n\000g\000a\000D\000i\000T}{section.2}% 7
\BOOKMARK [2][-]{subsection.2.2}{\376\377\000M\000a\000n\000g\000a\000N\000i\000n\000j\000a}{section.2}% 8
\BOOKMARK [2][-]{subsection.2.3}{\376\377\000C\000o\000n\000t\000e\000x\000t\000-\000I\000n\000f\000o\000r\000m\000e\000d\000\040\000M\000a\000c\000h\000i\000n\000e\000\040\000T\000r\000a\000n\000s\000l\000a\000t\000i\000o\000n\000\040\000o\000f\000\040\000M\000a\000n\000g\000a\000\040\000u\000s\000i\000n\000g\000\040\000M\000u\000l\000t\000i\000m\000o\000d\000a\000l\000\040\000L\000a\000r\000g\000e\000\040\000L\000a\000n\000g\000u\000a\000g\000e\000\040\000M\000o\000d\000e\000l\000s}{section.2}% 9
\BOOKMARK [1][-]{section.3}{\376\377\263\160\307\164\321\060}{}% 10
\BOOKMARK [2][-]{subsection.3.1}{\376\377\263\160\307\164\321\060\000\040\302\030\311\321\000\040\274\051\274\225}{section.3}% 11
\BOOKMARK [2][-]{subsection.3.2}{\376\377\124\010\060\263\060\363\060\153\210\114\060\143\060\137\060\211\131\163\060\114\060\104\060\152\060\113\060\143\060\137\212\161}{section.3}% 12
\BOOKMARK [2][-]{subsection.3.3}{\376\377\171\136\060\157\123\313\220\124\060\114\134\021\060\152\060\104}{section.3}% 13
\BOOKMARK [1][-]{section.4}{\376\377\305\360\255\154\000\040\274\051\274\225}{}% 14
\BOOKMARK [2][-]{subsection.4.1}{\376\377\000B\000a\000s\000e\000l\000i\000n\000e}{section.4}% 15
\BOOKMARK [2][-]{subsection.4.2}{\376\377\000N\000a\000n\000o\000\040\000M\000a\000n\000a\000n\000a}{section.4}% 16
\BOOKMARK [3][-]{subsubsection.4.2.1}{\376\377\000B\000a\000t\000c\000h\000\040\255\154\326\004}{subsection.4.2}% 17
\BOOKMARK [3][-]{subsubsection.4.2.2}{\376\377\325\004\270\154\325\004\322\270\000\040\301\044\254\304}{subsection.4.2}% 18
\BOOKMARK [3][-]{subsubsection.4.2.3}{\376\377\307\164\311\021\000\040\305\270\305\264\000\040\324\134\302\334}{subsection.4.2}% 19
\BOOKMARK [3][-]{subsubsection.4.2.4}{\376\377\325\245\300\301\264\034\000\040\314\104\300\311\000\040\324\210\311\310}{subsection.4.2}% 20
\BOOKMARK [3][-]{subsubsection.4.2.5}{\376\377\306\371\300\254\307\164\322\270\000\040\274\060\323\354}{subsection.4.2}% 21
\BOOKMARK [2][-]{subsection.4.3}{\376\377\302\334\263\304\325\210\311\300\271\314\000\040\302\344\323\050\325\134\000\040\274\051\274\225\264\344}{section.4}% 22
\BOOKMARK [3][-]{subsubsection.4.3.1}{\376\377\000M\000o\000d\000e\000l\000\040\000S\000h\000e\000e\000t\000\040\300\335\301\061}{subsection.4.3}% 23
\BOOKMARK [3][-]{subsubsection.4.3.2}{\376\377\000G\000r\000i\000d\000\040\000B\000a\000t\000c\000h}{subsection.4.3}% 24
\BOOKMARK [3][-]{subsubsection.4.3.3}{\376\377\000B\000o\000u\000n\000d\000i\000n\000g\000\040\000B\000o\000x\000\040\000I\000d\000e\000n\000t\000i\000f\000i\000e\000r}{subsection.4.3}% 25
\BOOKMARK [1][-]{section.5}{\376\377\302\344\325\330\000\040\254\260\254\374}{}% 26
\BOOKMARK [2][-]{subsection.5.1}{\376\377\314\230\271\254\000\040\254\260\254\374}{section.5}% 27
\BOOKMARK [2][-]{subsection.5.2}{\376\377\000N\000a\000n\000o\000\040\000M\000a\000n\000a\000n\000a\307\130\000\040\325\134\254\304}{section.5}% 28
\BOOKMARK [3][-]{subsubsection.5.2.1}{\376\377\306\104\310\004\327\210\000\040\300\310\270\134\306\264\000\040\302\244\320\300\307\174\307\164\000\040\300\335\301\061\264\030\262\224\000\040\273\070\310\034}{subsection.5.2}% 29
\BOOKMARK [3][-]{subsubsection.5.2.2}{\376\377\306\104\310\004\327\210\000\040\262\344\271\170\000\040\307\245\272\164\307\164\000\040\300\335\301\061\264\030\262\224\000\040\273\070\310\034}{subsection.5.2}% 30
\BOOKMARK [3][-]{subsubsection.5.2.3}{\376\377\262\344\271\170\000\040\276\104\307\050\270\134\000\040\300\335\301\061\264\030\262\224\000\040\273\070\310\034}{subsection.5.2}% 31
\BOOKMARK [2][-]{subsection.5.3}{\376\377\000A\000P\000I\000\040\263\331\307\221\000\040\276\104\306\251}{section.5}% 32
\BOOKMARK [2][-]{subsection.5.4}{\376\377\301\214\302\244\317\124\264\334\000\040\321\265\254\304}{section.5}% 33
\BOOKMARK [1][-]{section.6}{\376\377\254\260\270\140}{}% 34
\BOOKMARK [1][-]{appendix.A}{\376\377\000B\000a\000s\000e\000l\000i\000n\000e\000\040\314\230\271\254\000\040\254\260\254\374}{}% 35
\BOOKMARK [1][-]{appendix.B}{\376\377\000N\000a\000n\000o\000\040\000M\000a\000n\000a\000n\000a\000\040\307\174\274\370\305\264\000\040\041\222\000\040\325\134\255\155\305\264\000\040\314\230\271\254\000\040\254\260\254\374}{}% 36
\BOOKMARK [1][-]{appendix.C}{\376\377\000N\000a\000n\000o\000\040\000M\000a\000n\000a\000n\000a\000\040\307\174\274\370\305\264\000\040\041\222\000\040\306\001\305\264\000\040\314\230\271\254\000\040\254\260\254\374}{}% 37
